2022-01-31 21:14:37,072 INFO client.py Запущен клиент с парамертами: адрес сервера: 127.0.0.1, порт: 7777
2022-01-31 21:15:17,366 INFO client.py Запущен клиент с парамертами: адрес сервера: 127.0.0.1, порт: 7777
2022-01-31 21:15:17,366 DEBUG client.py Сформировано presence сообщение для пользователя Guest
2022-01-31 21:15:17,366 INFO client.py Принят ответ от сервера 200 : OK
2022-01-31 21:16:08,580 CRITICAL client_log_config.py Критическая ошибка
2022-01-31 21:16:08,580 ERROR client_log_config.py Ошибка
2022-01-31 21:16:08,580 WARNING client_log_config.py Предупреждение!
2022-01-31 21:16:08,580 DEBUG client_log_config.py Отладочная информация
2022-01-31 21:16:08,580 INFO client_log_config.py Информационное сообщение
2022-02-03 15:22:41,642 DEBUG server.py Была вызвана функция create_arg_parser c параметрами (), {}. Вызов из модуля __main__. Вызов из функции main().Вызов из функции main
2022-02-03 15:23:37,167 DEBUG client.py Была вызвана функция create_arg_parser c параметрами (), {}. Вызов из модуля __main__. Вызов из функции main().Вызов из функции main
2022-02-03 15:23:37,167 INFO client.py Запущен клиент с парамертами: адрес сервера: 127.0.0.1, порт: 7777
2022-02-03 15:23:37,178 DEBUG client.py Сформировано presence сообщение для пользователя Guest
2022-02-03 15:23:37,179 DEBUG client.py Была вызвана функция create_presence c параметрами (), {}. Вызов из модуля __main__. Вызов из функции main().Вызов из функции main
2022-02-03 15:23:37,180 DEBUG server.py Была вызвана функция process_client_message c параметрами ({'action': 'presence', 'time': 1643891017.1789103, 'user': {'account_name': 'Guest'}},), {}. Вызов из модуля __main__. Вызов из функции main().Вызов из функции main
2022-02-03 15:23:37,180 DEBUG client.py Была вызвана функция process_ans c параметрами ({'response': 200},), {}. Вызов из модуля __main__. Вызов из функции main().Вызов из функции main
2022-02-03 15:23:37,180 INFO client.py Принят ответ от сервера 200 : OK
2022-02-03 15:28:25,089 CRITICAL client_log_config.py Критическая ошибка
2022-02-03 15:28:25,089 ERROR client_log_config.py Ошибка
2022-02-03 15:28:25,089 WARNING client_log_config.py Предупреждение!
2022-02-03 15:28:25,089 DEBUG client_log_config.py Отладочная информация
2022-02-03 15:28:25,089 INFO client_log_config.py Информационное сообщение
2022-02-03 15:28:45,084 CRITICAL client_log_config.py Критическая ошибка
2022-02-03 15:28:45,084 ERROR client_log_config.py Ошибка
2022-02-03 15:28:45,084 WARNING client_log_config.py Предупреждение!
2022-02-03 15:28:45,084 DEBUG client_log_config.py Отладочная информация
2022-02-03 15:28:45,084 INFO client_log_config.py Информационное сообщение
2022-02-03 15:30:13,266 CRITICAL client_log_config.py Критическая ошибка
2022-02-03 15:30:13,266 ERROR client_log_config.py Ошибка
2022-02-03 15:30:13,266 WARNING client_log_config.py Предупреждение!
2022-02-03 15:30:13,266 DEBUG client_log_config.py Отладочная информация
2022-02-03 15:30:13,266 INFO client_log_config.py Информационное сообщение
2022-02-03 15:31:35,009 CRITICAL client_log_config.py Критическая ошибка
2022-02-03 15:31:35,015 ERROR client_log_config.py Ошибка
2022-02-03 15:31:35,016 WARNING client_log_config.py Предупреждение!
2022-02-03 15:31:35,016 DEBUG client_log_config.py Отладочная информация
2022-02-03 15:31:35,016 INFO client_log_config.py Информационное сообщение
2022-02-03 15:32:17,221 CRITICAL client_log_config.py Критическая ошибка
2022-02-03 15:32:17,221 ERROR client_log_config.py Ошибка
2022-02-03 15:32:17,221 WARNING client_log_config.py Предупреждение!
2022-02-03 15:32:17,221 DEBUG client_log_config.py Отладочная информация
2022-02-03 15:32:17,221 INFO client_log_config.py Информационное сообщение
2022-02-03 15:32:49,620 DEBUG client.py Была вызвана функция create_arg_parser c параметрами (), {}. Вызов из модуля __main__. Вызов из функции main().Вызов из функции main
2022-02-03 15:32:49,636 INFO client.py Запущен клиент с парамертами: адрес сервера: 127.0.0.1, порт: 7777
2022-02-03 15:33:28,417 DEBUG server.py Была вызвана функция create_arg_parser c параметрами (), {}. Вызов из модуля __main__. Вызов из функции main().Вызов из функции main
2022-02-03 15:33:30,715 DEBUG client.py Была вызвана функция create_arg_parser c параметрами (), {}. Вызов из модуля __main__. Вызов из функции main().Вызов из функции main
2022-02-03 15:33:30,715 INFO client.py Запущен клиент с парамертами: адрес сервера: 127.0.0.1, порт: 7777
2022-02-03 15:33:30,718 DEBUG client.py Сформировано presence сообщение для пользователя Guest
2022-02-03 15:33:30,719 DEBUG client.py Была вызвана функция create_presence c параметрами (), {}. Вызов из модуля __main__. Вызов из функции main().Вызов из функции main
2022-02-03 15:33:30,720 DEBUG server.py Была вызвана функция process_client_message c параметрами ({'action': 'presence', 'time': 1643891610.7183607, 'user': {'account_name': 'Guest'}},), {}. Вызов из модуля __main__. Вызов из функции main().Вызов из функции main
2022-02-03 15:33:30,723 DEBUG client.py Была вызвана функция process_ans c параметрами ({'response': 200},), {}. Вызов из модуля __main__. Вызов из функции main().Вызов из функции main
2022-02-03 15:33:30,723 INFO client.py Принят ответ от сервера 200 : OK
2022-02-03 15:38:12,427 DEBUG client.py Была вызвана функция create_arg_parser c параметрами (), {}. Вызов из модуля __main__. Вызов из функции main().Вызов из функции main
2022-02-03 15:38:12,427 INFO client.py Запущен клиент с парамертами: адрес сервера: 127.0.0.1, порт: 7777
2022-02-03 15:38:12,433 DEBUG client.py Сформировано presence сообщение для пользователя Guest
2022-02-03 15:38:12,434 DEBUG client.py Была вызвана функция create_presence c параметрами (), {}. Вызов из модуля __main__. Вызов из функции main().Вызов из функции main
2022-02-03 15:38:12,437 DEBUG server.py Была вызвана функция process_client_message c параметрами ({'action': 'presence', 'time': 1643891892.4330306, 'user': {'account_name': 'Guest'}},), {}. Вызов из модуля __main__. Вызов из функции '__main__':.Вызов из функции main
2022-02-03 15:38:12,438 DEBUG client.py Была вызвана функция process_ans c параметрами ({'response': 200},), {}. Вызов из модуля __main__. Вызов из функции main().Вызов из функции main
2022-02-03 15:38:12,438 INFO client.py Принят ответ от сервера 200 : OK
2022-02-03 15:38:26,192 DEBUG client.py Была вызвана функция create_arg_parser c параметрами (), {}. Вызов из модуля __main__. Вызов из функции main().Вызов из функции main
2022-02-03 15:38:26,193 INFO client.py Запущен клиент с парамертами: адрес сервера: 127.0.0.1, порт: 7777
2022-02-03 15:38:50,363 CRITICAL client_log_config.py Критическая ошибка
2022-02-03 15:38:50,363 ERROR client_log_config.py Ошибка
2022-02-03 15:38:50,363 WARNING client_log_config.py Предупреждение!
2022-02-03 15:38:50,363 DEBUG client_log_config.py Отладочная информация
2022-02-03 15:38:50,363 INFO client_log_config.py Информационное сообщение
2022-02-03 15:38:56,293 DEBUG server.py Была вызвана функция create_arg_parser c параметрами (), {}. Вызов из модуля __main__. Вызов из функции main().Вызов из функции main
2022-02-03 15:39:01,490 DEBUG client.py Была вызвана функция create_arg_parser c параметрами (), {}. Вызов из модуля __main__. Вызов из функции main().Вызов из функции main
2022-02-03 15:39:01,491 INFO client.py Запущен клиент с парамертами: адрес сервера: 127.0.0.1, порт: 7777
2022-02-03 15:39:01,493 DEBUG client.py Сформировано presence сообщение для пользователя Guest
2022-02-03 15:39:01,494 DEBUG client.py Была вызвана функция create_presence c параметрами (), {}. Вызов из модуля __main__. Вызов из функции main().Вызов из функции main
2022-02-03 15:39:01,495 DEBUG server.py Была вызвана функция process_client_message c параметрами ({'action': 'presence', 'time': 1643891941.4933116, 'user': {'account_name': 'Guest'}},), {}. Вызов из модуля __main__. Вызов из функции main().Вызов из функции main
2022-02-03 15:39:01,497 DEBUG client.py Была вызвана функция process_ans c параметрами ({'response': 200},), {}. Вызов из модуля __main__. Вызов из функции main().Вызов из функции main
2022-02-03 15:39:01,497 INFO client.py Принят ответ от сервера 200 : OK
2022-02-03 15:39:09,898 CRITICAL client_log_config.py Критическая ошибка
2022-02-03 15:39:09,898 ERROR client_log_config.py Ошибка
2022-02-03 15:39:09,898 WARNING client_log_config.py Предупреждение!
2022-02-03 15:39:09,898 DEBUG client_log_config.py Отладочная информация
2022-02-03 15:39:09,898 INFO client_log_config.py Информационное сообщение
2022-02-07 21:57:37,257 DEBUG server.py Была вызвана функция create_arg_parser c параметрами (), {}. Вызов из модуля __main__. Вызов из функции main().Вызов из функции main
2022-02-07 21:57:51,376 DEBUG client.py Была вызвана функция create_arg_parser c параметрами (), {}. Вызов из модуля __main__. Вызов из функции main().Вызов из функции main
2022-02-07 21:57:51,376 INFO client.py Запущен клиент с парамертами: адрес сервера: 127.0.0.1, порт: 7777, режим работы: listen
2022-02-07 21:57:51,376 DEBUG client.py Сформировано presence сообщение для пользователя Guest
2022-02-07 21:57:51,376 DEBUG client.py Была вызвана функция create_presence c параметрами (), {}. Вызов из модуля __main__. Вызов из функции main().Вызов из функции main
2022-02-07 21:57:51,892 DEBUG client.py Разбор приветственного сообщения от сервера: {'response': 200}
2022-02-07 21:57:51,892 DEBUG client.py Была вызвана функция process_ans c параметрами ({'response': 200},), {}. Вызов из модуля __main__. Вызов из функции main().Вызов из функции main
Family.AF_INET, type=SocketKind.SOCK_STREAM, proto=0, laddr=('127.0.0.1', 7777), raddr=('127.0.0.1', 58729)>), {}. Вызов из модуля __main__. Вызов из функции main().Вызов из функции main
2022-02-07 21:57:51,892 INFO client.py Принят ответ от сервера 200 : OK
2022-02-07 22:30:04,167 DEBUG client2.py Была вызвана функция create_arg_parser c параметрами (), {}. Вызов из модуля __main__. Вызов из функции main().Вызов из функции main
2022-02-07 22:30:04,167 INFO client2.py Запущен клиент с парамертами: адрес сервера: 127.0.0.1, порт: 7777, режим работы: listen
2022-02-07 22:30:06,199 CRITICAL client2.py Не удалось подключиться к серверу 127.0.0.1:7777, конечный компьютер отверг запрос на подключение.
2022-02-07 22:33:10,521 DEBUG client3.py Была вызвана функция create_arg_parser c параметрами (), {}. Вызов из модуля __main__. Вызов из функции main().Вызов из функции main
2022-02-07 22:33:10,521 INFO client3.py Запущен клиент с парамертами: адрес сервера: 127.0.0.1, порт: 7777, режим работы: listen
2022-02-07 22:33:51,426 DEBUG server.py Была вызвана функция create_arg_parser c параметрами (), {}. Вызов из модуля __main__. Вызов из функции main().Вызов из функции main
2022-02-07 22:34:53,850 DEBUG client.py Была вызвана функция create_arg_parser c параметрами (), {}. Вызов из модуля __main__. Вызов из функции main().Вызов из функции main
2022-02-07 22:34:53,850 INFO client.py Запущен клиент с парамертами: адрес сервера: 127.0.0.1, порт: 7777, режим работы: send
2022-02-07 22:34:53,897 DEBUG client.py Была вызвана функция create_arg_parser c параметрами (), {}. Вызов из модуля __main__. Вызов из функции main().Вызов из функции main
2022-02-07 22:34:53,897 INFO client.py Запущен клиент с парамертами: адрес сервера: 127.0.0.1, порт: 7777, режим работы: listen
2022-02-07 22:34:53,897 DEBUG client.py Сформировано presence сообщение для пользователя Guest
2022-02-07 22:34:53,897 DEBUG client.py Была вызвана функция create_presence c параметрами (), {}. Вызов из модуля __main__. Вызов из функции main().Вызов из функции main
2022-02-07 22:34:53,897 DEBUG client.py Была вызвана функция create_arg_parser c параметрами (), {}. Вызов из модуля __main__. Вызов из функции main().Вызов из функции main
2022-02-07 22:34:53,897 INFO client.py Запущен клиент с парамертами: адрес сервера: 127.0.0.1, порт: 7777, режим работы: listen
2022-02-07 22:34:53,897 DEBUG client.py Сформировано presence сообщение для пользователя Guest
2022-02-07 22:34:53,897 DEBUG client.py Разбор приветственного сообщения от сервера: {'response': 200}
2022-02-07 22:34:53,897 DEBUG client.py Была вызвана функция create_presence c параметрами (), {}. Вызов из модуля __main__. Вызов из функции main().Вызов из функции main
2022-02-07 22:34:53,913 DEBUG client.py Была вызвана функция process_ans c параметрами ({'response': 200},), {}. Вызов из модуля __main__. Вызов из функции main().Вызов из функции main
2022-02-07 22:34:53,913 INFO client.py Принят ответ от сервера 200 : OK
2022-02-07 22:34:53,929 DEBUG client.py Была вызвана функция create_arg_parser c параметрами (), {}. Вызов из модуля __main__. Вызов из функции main().Вызов из функции main
2022-02-07 22:34:53,929 INFO client.py Запущен клиент с парамертами: адрес сервера: 127.0.0.1, порт: 7777, режим работы: send
2022-02-07 22:34:53,944 DEBUG client.py Сформировано presence сообщение для пользователя Guest
2022-02-07 22:34:53,944 DEBUG client.py Разбор приветственного сообщения от сервера: {'response': 200}
2022-02-07 22:34:53,944 DEBUG client.py Была вызвана функция create_presence c параметрами (), {}. Вызов из модуля __main__. Вызов из функции main().Вызов из функции main
2022-02-07 22:34:53,944 DEBUG client.py Была вызвана функция process_ans c параметрами ({'response': 200},), {}. Вызов из модуля __main__. Вызов из функции main().Вызов из функции main
2022-02-07 22:34:53,944 INFO client.py Принят ответ от сервера 200 : OK
2022-02-07 22:34:53,960 DEBUG client.py Была вызвана функция create_arg_parser c параметрами (), {}. Вызов из модуля __main__. Вызов из функции main().Вызов из функции main
2022-02-07 22:34:53,960 INFO client.py Запущен клиент с парамертами: адрес сервера: 127.0.0.1, порт: 7777, режим работы: listen
2022-02-07 22:34:53,960 DEBUG client.py Сформировано presence сообщение для пользователя Guest
2022-02-07 22:34:53,960 DEBUG client.py Разбор приветственного сообщения от сервера: {'response': 200}
2022-02-07 22:34:53,960 DEBUG client.py Была вызвана функция create_presence c параметрами (), {}. Вызов из модуля __main__. Вызов из функции main().Вызов из функции main
2022-02-07 22:34:53,960 DEBUG client.py Была вызвана функция process_ans c параметрами ({'response': 200},), {}. Вызов из модуля __main__. Вызов из функции main().Вызов из функции main
2022-02-07 22:34:53,960 INFO client.py Принят ответ от сервера 200 : OK
2022-02-07 22:34:54,127 DEBUG client.py Была вызвана функция create_arg_parser c параметрами (), {}. Вызов из модуля __main__. Вызов из функции main().Вызов из функции main
2022-02-07 22:34:54,127 INFO client.py Запущен клиент с парамертами: адрес сервера: 127.0.0.1, порт: 7777, режим работы: listen
2022-02-07 22:34:54,127 DEBUG client.py Сформировано presence сообщение для пользователя Guest
2022-02-07 22:34:54,127 DEBUG client.py Разбор приветственного сообщения от сервера: {'response': 200}
2022-02-07 22:34:54,143 DEBUG client.py Была вызвана функция process_ans c параметрами ({'response': 200},), {}. Вызов из модуля __main__. Вызов из функции main().Вызов из функции main
2022-02-07 22:34:54,143 INFO client.py Принят ответ от сервера 200 : OK
2022-02-07 22:34:54,143 DEBUG client.py Была вызвана функция create_presence c параметрами (), {}. Вызов из модуля __main__. Вызов из функции main().Вызов из функции main
2022-02-07 22:34:54,143 DEBUG client.py Была вызвана функция create_arg_parser c параметрами (), {}. Вызов из модуля __main__. Вызов из функции main().Вызов из функции main
2022-02-07 22:34:54,143 INFO client.py Запущен клиент с парамертами: адрес сервера: 127.0.0.1, порт: 7777, режим работы: listen
2022-02-07 22:34:54,143 DEBUG client.py Сформировано presence сообщение для пользователя Guest
2022-02-07 22:34:54,143 DEBUG client.py Разбор приветственного сообщения от сервера: {'response': 200}
2022-02-07 22:34:54,143 DEBUG client.py Была вызвана функция create_presence c параметрами (), {}. Вызов из модуля __main__. Вызов из функции main().Вызов из функции main
2022-02-07 22:34:54,143 DEBUG client.py Была вызвана функция process_ans c параметрами ({'response': 200},), {}. Вызов из модуля __main__. Вызов из функции main().Вызов из функции main
2022-02-07 22:34:54,143 INFO client.py Принят ответ от сервера 200 : OK
2022-02-07 22:34:54,362 DEBUG client.py Сформировано presence сообщение для пользователя Guest
2022-02-07 22:34:54,362 DEBUG client.py Была вызвана функция create_presence c параметрами (), {}. Вызов из модуля __main__. Вызов из функции main().Вызов из функции main
2022-02-07 22:34:54,362 DEBUG client.py Разбор приветственного сообщения от сервера: {'response': 200}
2022-02-07 22:34:54,365 DEBUG client.py Была вызвана функция process_ans c параметрами ({'response': 200},), {}. Вызов из модуля __main__. Вызов из функции main().Вызов из функции main
2022-02-07 22:34:54,365 INFO client.py Принят ответ от сервера 200 : OK
2022-02-07 22:34:54,869 DEBUG client.py Разбор приветственного сообщения от сервера: {'response': 200}
2022-02-07 22:34:54,869 DEBUG client.py Была вызвана функция process_ans c параметрами ({'response': 200},), {}. Вызов из модуля __main__. Вызов из функции main().Вызов из функции main
2022-02-07 22:34:54,869 INFO client.py Принят ответ от сервера 200 : OK
2022-02-07 22:35:39,898 DEBUG client.py Была вызвана функция create_arg_parser c параметрами (), {}. Вызов из модуля __main__. Вызов из функции main().Вызов из функции main
2022-02-07 22:35:39,899 INFO client.py Запущен клиент с парамертами: адрес сервера: 127.0.0.1, порт: 7777, режим работы: send
2022-02-07 22:35:39,901 DEBUG client.py Сформировано presence сообщение для пользователя Guest
2022-02-07 22:35:39,902 DEBUG client.py Была вызвана функция create_presence c параметрами (), {}. Вызов из модуля __main__. Вызов из функции main().Вызов из функции main
2022-02-07 22:35:39,928 DEBUG client.py Была вызвана функция create_arg_parser c параметрами (), {}. Вызов из модуля __main__. Вызов из функции main().Вызов из функции main
2022-02-07 22:35:39,929 INFO client.py Запущен клиент с парамертами: адрес сервера: 127.0.0.1, порт: 7777, режим работы: listen
2022-02-07 22:35:39,931 DEBUG client.py Сформировано presence сообщение для пользователя Guest
2022-02-07 22:35:39,932 DEBUG client.py Разбор приветственного сообщения от сервера: {'response': 200}
2022-02-07 22:35:39,932 DEBUG client.py Была вызвана функция create_presence c параметрами (), {}. Вызов из модуля __main__. Вызов из функции main().Вызов из функции main
2022-02-07 22:35:39,933 DEBUG client.py Была вызвана функция process_ans c параметрами ({'response': 200},), {}. Вызов из модуля __main__. Вызов из функции main().Вызов из функции main
2022-02-07 22:35:39,933 INFO client.py Принят ответ от сервера 200 : OK
2022-02-07 22:35:39,937 DEBUG client.py Была вызвана функция create_arg_parser c параметрами (), {}. Вызов из модуля __main__. Вызов из функции main().Вызов из функции main
2022-02-07 22:35:39,937 INFO client.py Запущен клиент с парамертами: адрес сервера: 127.0.0.1, порт: 7777, режим работы: listen
2022-02-07 22:35:39,941 DEBUG client.py Сформировано presence сообщение для пользователя Guest
2022-02-07 22:35:39,942 DEBUG client.py Разбор приветственного сообщения от сервера: {'response': 200}
2022-02-07 22:35:39,943 DEBUG client.py Была вызвана функция create_presence c параметрами (), {}. Вызов из модуля __main__. Вызов из функции main().Вызов из функции main
2022-02-07 22:35:39,943 DEBUG client.py Была вызвана функция process_ans c параметрами ({'response': 200},), {}. Вызов из модуля __main__. Вызов из функции main().Вызов из функции main
2022-02-07 22:35:39,943 INFO client.py Принят ответ от сервера 200 : OK
2022-02-07 22:35:39,994 DEBUG client.py Была вызвана функция create_arg_parser c параметрами (), {}. Вызов из модуля __main__. Вызов из функции main().Вызов из функции main
2022-02-07 22:35:39,994 INFO client.py Запущен клиент с парамертами: адрес сервера: 127.0.0.1, порт: 7777, режим работы: send
2022-02-07 22:35:39,997 DEBUG client.py Сформировано presence сообщение для пользователя Guest
2022-02-07 22:35:39,997 DEBUG client.py Разбор приветственного сообщения от сервера: {'response': 200}
2022-02-07 22:35:39,999 DEBUG client.py Была вызвана функция process_ans c параметрами ({'response': 200},), {}. Вызов из модуля __main__. Вызов из функции main().Вызов из функции main
2022-02-07 22:35:39,999 INFO client.py Принят ответ от сервера 200 : OK
2022-02-07 22:35:40,000 DEBUG client.py Была вызвана функция create_presence c параметрами (), {}. Вызов из модуля __main__. Вызов из функции main().Вызов из функции main
2022-02-07 22:35:40,501 DEBUG client.py Разбор приветственного сообщения от сервера: {'response': 200}
2022-02-07 22:35:40,508 DEBUG client.py Была вызвана функция process_ans c параметрами ({'response': 200},), {}. Вызов из модуля __main__. Вызов из функции main().Вызов из функции main
2022-02-07 22:35:40,508 INFO client.py Принят ответ от сервера 200 : OK
2022-02-07 22:36:00,284 ERROR client.py Соединение с сервером 127.0.0.1 было потеряно.
2022-02-07 22:36:00,284 ERROR client.py Соединение с сервером 127.0.0.1 было потеряно.
2022-02-07 22:36:22,807 DEBUG client.py Была вызвана функция create_arg_parser c параметрами (), {}. Вызов из модуля __main__. Вызов из функции main().Вызов из функции main
2022-02-07 22:36:22,807 INFO client.py Запущен клиент с парамертами: адрес сервера: 127.0.0.1, порт: 7777, режим работы: send
2022-02-07 22:36:22,807 DEBUG client.py Сформировано presence сообщение для пользователя Guest
2022-02-07 22:36:22,822 DEBUG client.py Была вызвана функция create_presence c параметрами (), {}. Вызов из модуля __main__. Вызов из функции main().Вызов из функции main
2022-02-07 22:36:22,822 DEBUG client.py Была вызвана функция create_arg_parser c параметрами (), {}. Вызов из модуля __main__. Вызов из функции main().Вызов из функции main
2022-02-07 22:36:22,822 INFO client.py Запущен клиент с парамертами: адрес сервера: 127.0.0.1, порт: 7777, режим работы: send
2022-02-07 22:36:22,822 DEBUG client.py Сформировано presence сообщение для пользователя Guest
2022-02-07 22:36:22,822 DEBUG client.py Разбор приветственного сообщения от сервера: {'response': 200}
2022-02-07 22:36:22,822 DEBUG client.py Была вызвана функция create_presence c параметрами (), {}. Вызов из модуля __main__. Вызов из функции main().Вызов из функции main
2022-02-07 22:36:22,822 DEBUG client.py Была вызвана функция process_ans c параметрами ({'response': 200},), {}. Вызов из модуля __main__. Вызов из функции main().Вызов из функции main
2022-02-07 22:36:22,822 INFO client.py Принят ответ от сервера 200 : OK
2022-02-07 22:36:22,838 DEBUG client.py Была вызвана функция create_arg_parser c параметрами (), {}. Вызов из модуля __main__. Вызов из функции main().Вызов из функции main
2022-02-07 22:36:22,838 INFO client.py Запущен клиент с парамертами: адрес сервера: 127.0.0.1, порт: 7777, режим работы: listen
2022-02-07 22:36:22,838 DEBUG client.py Сформировано presence сообщение для пользователя Guest
2022-02-07 22:36:22,838 DEBUG client.py Разбор приветственного сообщения от сервера: {'response': 200}
2022-02-07 22:36:22,838 DEBUG client.py Была вызвана функция create_presence c параметрами (), {}. Вызов из модуля __main__. Вызов из функции main().Вызов из функции main
2022-02-07 22:36:22,838 DEBUG client.py Была вызвана функция process_ans c параметрами ({'response': 200},), {}. Вызов из модуля __main__. Вызов из функции main().Вызов из функции main
2022-02-07 22:36:22,838 INFO client.py Принят ответ от сервера 200 : OK
2022-02-07 22:36:22,838 DEBUG client.py Была вызвана функция create_arg_parser c параметрами (), {}. Вызов из модуля __main__. Вызов из функции main().Вызов из функции main
2022-02-07 22:36:22,838 INFO client.py Запущен клиент с парамертами: адрес сервера: 127.0.0.1, порт: 7777, режим работы: listen
2022-02-07 22:36:22,838 DEBUG client.py Сформировано presence сообщение для пользователя Guest
2022-02-07 22:36:22,838 DEBUG client.py Разбор приветственного сообщения от сервера: {'response': 200}
2022-02-07 22:36:22,838 DEBUG client.py Была вызвана функция create_presence c параметрами (), {}. Вызов из модуля __main__. Вызов из функции main().Вызов из функции main
2022-02-07 22:36:22,838 DEBUG client.py Была вызвана функция process_ans c параметрами ({'response': 200},), {}. Вызов из модуля __main__. Вызов из функции main().Вызов из функции main
2022-02-07 22:36:22,838 INFO client.py Принят ответ от сервера 200 : OK
2022-02-07 22:36:23,338 DEBUG client.py Разбор приветственного сообщения от сервера: {'response': 200}
2022-02-07 22:36:23,338 DEBUG client.py Была вызвана функция process_ans c параметрами ({'response': 200},), {}. Вызов из модуля __main__. Вызов из функции main().Вызов из функции main
2022-02-07 22:36:23,338 INFO client.py Принят ответ от сервера 200 : OK
2022-02-07 22:37:04,130 DEBUG client.py Сформирован словарь сообщения: {'action': 'message', 'time': 1644262624.130762, 'account_name': 'Guest', 'mess_text': 'privet'}
2022-02-07 22:37:04,130 DEBUG client.py Была вызвана функция create_message c параметрами (<socket.socket fd=196, family=AddressFamily.AF_INET, type=SocketKind.SOCK_STREAM, proto=0, laddr=('127.0.0.1', 65149), raddr=('127.0.0.1', 7777)>,), {}. Вызов из модуля __main__. Вызов из функции main().Вызов из функции main
2022-02-07 22:37:04,496 INFO client.py Получено сообщение от пользователя Guest:
privet
2022-02-07 22:37:04,496 INFO client.py Получено сообщение от пользователя Guest:
privet
2022-02-07 22:37:04,512 DEBUG client.py Была вызвана функция message_from_server c параметрами ({'action': 'message', 'sender': 'Guest', 'time': 1644262624.496582, 'mess_text': 'privet'},), {}. Вызов из модуля __main__. Вызов из функции main().Вызов из функции main
2022-02-07 22:37:04,512 DEBUG client.py Была вызвана функция message_from_server c параметрами ({'action': 'message', 'sender': 'Guest', 'time': 1644262624.496582, 'mess_text': 'privet'},), {}. Вызов из модуля __main__. Вызов из функции main().Вызов из функции main
2022-02-07 22:37:18,370 ERROR client.py Соединение с сервером 127.0.0.1 было потеряно.
2022-02-07 22:37:18,370 ERROR client.py Соединение с сервером 127.0.0.1 было потеряно.
2022-02-07 22:37:30,949 DEBUG client.py Была вызвана функция create_arg_parser c параметрами (), {}. Вызов из модуля __main__. Вызов из функции main().Вызов из функции main
2022-02-07 22:37:30,949 INFO client.py Запущен клиент с парамертами: адрес сервера: 127.0.0.1, порт: 7777, режим работы: listen
2022-02-07 22:37:30,949 DEBUG client.py Сформировано presence сообщение для пользователя Guest
2022-02-07 22:37:30,949 DEBUG client.py Была вызвана функция create_arg_parser c параметрами (), {}. Вызов из модуля __main__. Вызов из функции main().Вызов из функции main
2022-02-07 22:37:30,949 INFO client.py Запущен клиент с парамертами: адрес сервера: 127.0.0.1, порт: 7777, режим работы: listen
2022-02-07 22:37:30,949 DEBUG client.py Была вызвана функция create_presence c параметрами (), {}. Вызов из модуля __main__. Вызов из функции main().Вызов из функции main
2022-02-07 22:37:30,949 DEBUG client.py Сформировано presence сообщение для пользователя Guest
2022-02-07 22:37:30,949 DEBUG client.py Разбор приветственного сообщения от сервера: {'response': 200}
2022-02-07 22:37:30,949 DEBUG client.py Была вызвана функция create_presence c параметрами (), {}. Вызов из модуля __main__. Вызов из функции main().Вызов из функции main
2022-02-07 22:37:30,949 DEBUG client.py Была вызвана функция process_ans c параметрами ({'response': 200},), {}. Вызов из модуля __main__. Вызов из функции main().Вызов из функции main
2022-02-07 22:37:30,949 INFO client.py Принят ответ от сервера 200 : OK
2022-02-07 22:37:30,949 DEBUG client.py Была вызвана функция create_arg_parser c параметрами (), {}. Вызов из модуля __main__. Вызов из функции main().Вызов из функции main
2022-02-07 22:37:30,949 INFO client.py Запущен клиент с парамертами: адрес сервера: 127.0.0.1, порт: 7777, режим работы: send
2022-02-07 22:37:30,949 DEBUG client.py Сформировано presence сообщение для пользователя Guest
2022-02-07 22:37:30,949 DEBUG client.py Разбор приветственного сообщения от сервера: {'response': 200}
2022-02-07 22:37:30,949 DEBUG client.py Была вызвана функция create_presence c параметрами (), {}. Вызов из модуля __main__. Вызов из функции main().Вызов из функции main
2022-02-07 22:37:30,965 DEBUG client.py Была вызвана функция process_ans c параметрами ({'response': 200},), {}. Вызов из модуля __main__. Вызов из функции main().Вызов из функции main
2022-02-07 22:37:30,965 INFO client.py Принят ответ от сервера 200 : OK
2022-02-07 22:37:30,965 DEBUG client.py Была вызвана функция create_arg_parser c параметрами (), {}. Вызов из модуля __main__. Вызов из функции main().Вызов из функции main
2022-02-07 22:37:30,980 INFO client.py Запущен клиент с парамертами: адрес сервера: 127.0.0.1, порт: 7777, режим работы: send
2022-02-07 22:37:30,980 DEBUG client.py Сформировано presence сообщение для пользователя Guest
2022-02-07 22:37:30,980 DEBUG client.py Разбор приветственного сообщения от сервера: {'response': 200}
2022-02-07 22:37:30,980 DEBUG client.py Была вызвана функция create_presence c параметрами (), {}. Вызов из модуля __main__. Вызов из функции main().Вызов из функции main
2022-02-07 22:37:30,980 DEBUG client.py Была вызвана функция process_ans c параметрами ({'response': 200},), {}. Вызов из модуля __main__. Вызов из функции main().Вызов из функции main
2022-02-07 22:37:30,980 INFO client.py Принят ответ от сервера 200 : OK
2022-02-07 22:37:31,488 DEBUG client.py Разбор приветственного сообщения от сервера: {'response': 200}
2022-02-07 22:37:31,488 DEBUG client.py Была вызвана функция process_ans c параметрами ({'response': 200},), {}. Вызов из модуля __main__. Вызов из функции main().Вызов из функции main
2022-02-07 22:37:31,488 INFO client.py Принят ответ от сервера 200 : OK
2022-02-07 22:38:05,670 DEBUG client.py Сформирован словарь сообщения: {'action': 'message', 'time': 1644262685.6708467, 'account_name': 'Guest', 'mess_text': 'privet'}
2022-02-07 22:38:05,670 DEBUG client.py Была вызвана функция create_message c параметрами (<socket.socket fd=496, family=AddressFamily.AF_INET, type=SocketKind.SOCK_STREAM, proto=0, laddr=('127.0.0.1', 65160), raddr=('127.0.0.1', 7777)>,), {}. Вызов из модуля __main__. Вызов из функции main().Вызов из функции main
2022-02-07 22:38:06,130 INFO client.py Получено сообщение от пользователя Guest:
privet
2022-02-07 22:38:06,130 INFO client.py Получено сообщение от пользователя Guest:
privet
2022-02-07 22:38:06,130 DEBUG client.py Была вызвана функция message_from_server c параметрами ({'action': 'message', 'sender': 'Guest', 'time': 1644262686.1305032, 'mess_text': 'privet'},), {}. Вызов из модуля __main__. Вызов из функции main().Вызов из функции main
2022-02-07 22:38:06,130 DEBUG client.py Была вызвана функция message_from_server c параметрами ({'action': 'message', 'sender': 'Guest', 'time': 1644262686.1305032, 'mess_text': 'privet'},), {}. Вызов из модуля __main__. Вызов из функции main().Вызов из функции main
2022-02-07 22:38:12,097 DEBUG client.py Сформирован словарь сообщения: {'action': 'message', 'time': 1644262692.097593, 'account_name': 'Guest', 'mess_text': 'poca'}
2022-02-07 22:38:12,097 DEBUG client.py Была вызвана функция create_message c параметрами (<socket.socket fd=420, family=AddressFamily.AF_INET, type=SocketKind.SOCK_STREAM, proto=0, laddr=('127.0.0.1', 65159), raddr=('127.0.0.1', 7777)>,), {}. Вызов из модуля __main__. Вызов из функции main().Вызов из функции main
2022-02-07 22:38:12,238 INFO client.py Получено сообщение от пользователя Guest:
poca
2022-02-07 22:38:12,238 INFO client.py Получено сообщение от пользователя Guest:
poca
2022-02-07 22:38:12,238 DEBUG client.py Была вызвана функция message_from_server c параметрами ({'action': 'message', 'sender': 'Guest', 'time': 1644262692.238336, 'mess_text': 'poca'},), {}. Вызов из модуля __main__. Вызов из функции main().Вызов из функции main
2022-02-07 22:38:12,238 DEBUG client.py Была вызвана функция message_from_server c параметрами ({'action': 'message', 'sender': 'Guest', 'time': 1644262692.238336, 'mess_text': 'poca'},), {}. Вызов из модуля __main__. Вызов из функции main().Вызов из функции main
2022-02-07 22:41:36,173 DEBUG client.py Была вызвана функция create_arg_parser c параметрами (), {}. Вызов из модуля __main__. Вызов из функции main().Вызов из функции main
2022-02-07 22:41:36,189 INFO client.py Запущен клиент с парамертами: адрес сервера: 127.0.0.1, порт: 7777, режим работы: listen
2022-02-07 22:41:36,189 DEBUG client.py Сформировано presence сообщение для пользователя Guest
2022-02-07 22:41:36,189 DEBUG client.py Была вызвана функция create_presence c параметрами (), {}. Вызов из модуля __main__. Вызов из функции main().Вызов из функции main
2022-02-07 22:41:36,189 DEBUG client.py Была вызвана функция create_arg_parser c параметрами (), {}. Вызов из модуля __main__. Вызов из функции main().Вызов из функции main
2022-02-07 22:41:36,189 INFO client.py Запущен клиент с парамертами: адрес сервера: 127.0.0.1, порт: 7777, режим работы: send
2022-02-07 22:41:36,189 DEBUG client.py Сформировано presence сообщение для пользователя Guest
2022-02-07 22:41:36,189 DEBUG client.py Была вызвана функция create_arg_parser c параметрами (), {}. Вызов из модуля __main__. Вызов из функции main().Вызов из функции main
2022-02-07 22:41:36,189 INFO client.py Запущен клиент с парамертами: адрес сервера: 127.0.0.1, порт: 7777, режим работы: send
2022-02-07 22:41:36,189 DEBUG client.py Была вызвана функция create_presence c параметрами (), {}. Вызов из модуля __main__. Вызов из функции main().Вызов из функции main
2022-02-07 22:41:36,189 DEBUG client.py Была вызвана функция process_ans c параметрами ({'response': 200},), {}. Вызов из модуля __main__. Вызов из функции main().Вызов из функции main
2022-02-07 22:41:36,189 INFO client.py Принят ответ от сервера 200 : OK
2022-02-07 22:41:36,189 DEBUG client.py Сформировано presence сообщение для пользователя Guest
2022-02-07 22:41:36,189 DEBUG client.py Разбор приветственного сообщения от сервера: {'response': 200}
2022-02-07 22:41:36,189 DEBUG client.py Была вызвана функция create_presence c параметрами (), {}. Вызов из модуля __main__. Вызов из функции main().Вызов из функции main
2022-02-07 22:41:36,189 DEBUG client.py Была вызвана функция process_ans c параметрами ({'response': 200},), {}. Вызов из модуля __main__. Вызов из функции main().Вызов из функции main
2022-02-07 22:41:36,189 INFO client.py Принят ответ от сервера 200 : OK
2022-02-07 22:41:36,282 DEBUG client.py Была вызвана функция create_arg_parser c параметрами (), {}. Вызов из модуля __main__. Вызов из функции main().Вызов из функции main
2022-02-07 22:41:36,282 INFO client.py Запущен клиент с парамертами: адрес сервера: 127.0.0.1, порт: 7777, режим работы: listen
2022-02-07 22:41:36,282 DEBUG client.py Сформировано presence сообщение для пользователя Guest
2022-02-07 22:41:36,282 DEBUG client.py Разбор приветственного сообщения от сервера: {'response': 200}
2022-02-07 22:41:36,282 DEBUG client.py Была вызвана функция process_ans c параметрами ({'response': 200},), {}. Вызов из модуля __main__. Вызов из функции main().Вызов из функции main
2022-02-07 22:41:36,282 INFO client.py Принят ответ от сервера 200 : OK
2022-02-07 22:41:36,282 DEBUG client.py Была вызвана функция create_presence c параметрами (), {}. Вызов из модуля __main__. Вызов из функции main().Вызов из функции main
2022-02-07 22:41:36,798 DEBUG client.py Разбор приветственного сообщения от сервера: {'response': 200}
2022-02-07 22:41:36,798 DEBUG client.py Была вызвана функция process_ans c параметрами ({'response': 200},), {}. Вызов из модуля __main__. Вызов из функции main().Вызов из функции main
2022-02-07 22:41:36,798 INFO client.py Принят ответ от сервера 200 : OK
2022-02-07 22:42:02,306 DEBUG client.py Была вызвана функция create_arg_parser c параметрами (), {}. Вызов из модуля __main__. Вызов из функции main().Вызов из функции main
2022-02-07 22:42:02,306 INFO client.py Запущен клиент с парамертами: адрес сервера: 127.0.0.1, порт: 7777, режим работы: listen
2022-02-07 22:42:02,306 DEBUG client.py Сформировано presence сообщение для пользователя Guest
2022-02-07 22:42:02,322 DEBUG client.py Была вызвана функция create_presence c параметрами (), {}. Вызов из модуля __main__. Вызов из функции main().Вызов из функции main
2022-02-07 22:42:02,322 DEBUG client.py Была вызвана функция create_arg_parser c параметрами (), {}. Вызов из модуля __main__. Вызов из функции main().Вызов из функции main
2022-02-07 22:42:02,322 INFO client.py Запущен клиент с парамертами: адрес сервера: 127.0.0.1, порт: 7777, режим работы: listen
2022-02-07 22:42:02,322 DEBUG client.py Сформировано presence сообщение для пользователя Guest
2022-02-07 22:42:02,322 DEBUG client.py Разбор приветственного сообщения от сервера: {'response': 200}
2022-02-07 22:42:02,322 DEBUG client.py Была вызвана функция create_presence c параметрами (), {}. Вызов из модуля __main__. Вызов из функции main().Вызов из функции main
2022-02-07 22:42:02,322 DEBUG client.py Была вызвана функция process_ans c параметрами ({'response': 200},), {}. Вызов из модуля __main__. Вызов из функции main().Вызов из функции main
2022-02-07 22:42:02,322 INFO client.py Принят ответ от сервера 200 : OK
2022-02-07 22:42:02,338 DEBUG client.py Была вызвана функция create_arg_parser c параметрами (), {}. Вызов из модуля __main__. Вызов из функции main().Вызов из функции main
2022-02-07 22:42:02,338 INFO client.py Запущен клиент с парамертами: адрес сервера: 127.0.0.1, порт: 7777, режим работы: send
2022-02-07 22:42:02,338 DEBUG client.py Сформировано presence сообщение для пользователя Guest
2022-02-07 22:42:02,338 DEBUG client.py Разбор приветственного сообщения от сервера: {'response': 200}
2022-02-07 22:42:02,338 DEBUG client.py Была вызвана функция create_presence c параметрами (), {}. Вызов из модуля __main__. Вызов из функции main().Вызов из функции main
2022-02-07 22:42:02,338 DEBUG client.py Была вызвана функция process_ans c параметрами ({'response': 200},), {}. Вызов из модуля __main__. Вызов из функции main().Вызов из функции main
2022-02-07 22:42:02,338 INFO client.py Принят ответ от сервера 200 : OK
2022-02-07 22:42:02,353 DEBUG client.py Была вызвана функция create_arg_parser c параметрами (), {}. Вызов из модуля __main__. Вызов из функции main().Вызов из функции main
2022-02-07 22:42:02,353 INFO client.py Запущен клиент с парамертами: адрес сервера: 127.0.0.1, порт: 7777, режим работы: send
2022-02-07 22:42:02,353 DEBUG client.py Сформировано presence сообщение для пользователя Guest
se': 200}
2022-02-07 22:42:02,353 DEBUG client.py Была вызвана функция process_ans c параметрами ({'response': 200},), {}. Вызов из модуля __main__. Вызов из функции main().Вызов из функции main
2022-02-07 22:42:02,353 INFO client.py Принят ответ от сервера 200 : OK
2022-02-07 22:42:02,353 DEBUG client.py Была вызвана функция create_presence c параметрами (), {}. Вызов из модуля __main__. Вызов из функции main().Вызов из функции main
2022-02-07 22:42:02,431 DEBUG client.py Была вызвана функция create_arg_parser c параметрами (), {}. Вызов из модуля __main__. Вызов из функции main().Вызов из функции main
2022-02-07 22:42:02,431 INFO client.py Запущен клиент с парамертами: адрес сервера: 127.0.0.1, порт: 7777, режим работы: listen
2022-02-07 22:42:02,431 DEBUG client.py Сформировано presence сообщение для пользователя Guest
2022-02-07 22:42:02,431 DEBUG client.py Разбор приветственного сообщения от сервера: {'response': 200}
2022-02-07 22:42:02,431 DEBUG client.py Была вызвана функция create_presence c параметрами (), {}. Вызов из модуля __main__. Вызов из функции main().Вызов из функции main
2022-02-07 22:42:02,431 DEBUG client.py Была вызвана функция process_ans c параметрами ({'response': 200},), {}. Вызов из модуля __main__. Вызов из функции main().Вызов из функции main
2022-02-07 22:42:02,431 INFO client.py Принят ответ от сервера 200 : OK
2022-02-07 22:42:02,936 DEBUG client.py Разбор приветственного сообщения от сервера: {'response': 200}
2022-02-07 22:42:02,936 DEBUG client.py Была вызвана функция process_ans c параметрами ({'response': 200},), {}. Вызов из модуля __main__. Вызов из функции main().Вызов из функции main
2022-02-07 22:42:02,936 INFO client.py Принят ответ от сервера 200 : OK
2022-02-07 22:43:15,175 DEBUG client.py Была вызвана функция create_arg_parser c параметрами (), {}. Вызов из модуля __main__. Вызов из функции main().Вызов из функции main
2022-02-07 22:43:15,175 INFO client.py Запущен клиент с парамертами: адрес сервера: 127.0.0.1, порт: 7777, режим работы: listen
2022-02-07 22:43:15,175 DEBUG client.py Сформировано presence сообщение для пользователя Guest
2022-02-07 22:43:15,175 DEBUG client.py Была вызвана функция create_presence c параметрами (), {}. Вызов из модуля __main__. Вызов из функции main().Вызов из функции main
2022-02-07 22:43:15,189 DEBUG client.py Была вызвана функция create_arg_parser c параметрами (), {}. Вызов из модуля __main__. Вызов из функции main().Вызов из функции main
2022-02-07 22:43:15,189 INFO client.py Запущен клиент с парамертами: адрес сервера: 127.0.0.1, порт: 7777, режим работы: listen
2022-02-07 22:43:15,189 DEBUG client.py Сформировано presence сообщение для пользователя Guest
2022-02-07 22:43:15,189 DEBUG client.py Разбор приветственного сообщения от сервера: {'response': 200}
2022-02-07 22:43:15,189 DEBUG client.py Была вызвана функция create_presence c параметрами (), {}. Вызов из модуля __main__. Вызов из функции main().Вызов из функции main
2022-02-07 22:43:15,189 DEBUG client.py Была вызвана функция process_ans c параметрами ({'response': 200},), {}. Вызов из модуля __main__. Вызов из функции main().Вызов из функции main
2022-02-07 22:43:15,189 INFO client.py Принят ответ от сервера 200 : OK
2022-02-07 22:43:15,205 DEBUG client.py Была вызвана функция create_arg_parser c параметрами (), {}. Вызов из модуля __main__. Вызов из функции main().Вызов из функции main
2022-02-07 22:43:15,213 INFO client.py Запущен клиент с парамертами: адрес сервера: 127.0.0.1, порт: 7777, режим работы: send
2022-02-07 22:43:15,213 DEBUG client.py Сформировано presence сообщение для пользователя Guest
2022-02-07 22:43:15,213 DEBUG client.py Разбор приветственного сообщения от сервера: {'response': 200}
2022-02-07 22:43:15,213 DEBUG client.py Была вызвана функция process_ans c параметрами ({'response': 200},), {}. Вызов из модуля __main__. Вызов из функции main().Вызов из функции main
2022-02-07 22:43:15,213 INFO client.py Принят ответ от сервера 200 : OK
2022-02-07 22:43:15,213 DEBUG client.py Была вызвана функция create_presence c параметрами (), {}. Вызов из модуля __main__. Вызов из функции main().Вызов из функции main
2022-02-07 22:43:15,250 DEBUG client.py Была вызвана функция create_arg_parser c параметрами (), {}. Вызов из модуля __main__. Вызов из функции main().Вызов из функции main
2022-02-07 22:43:15,250 INFO client.py Запущен клиент с парамертами: адрес сервера: 127.0.0.1, порт: 7777, режим работы: listen
2022-02-07 22:43:15,250 DEBUG client.py Сформировано presence сообщение для пользователя Guest
2022-02-07 22:43:15,250 DEBUG client.py Разбор приветственного сообщения от сервера: {'response': 200}
2022-02-07 22:43:15,265 DEBUG client.py Была вызвана функция create_presence c параметрами (), {}. Вызов из модуля __main__. Вызов из функции main().Вызов из функции main
2022-02-07 22:43:15,265 DEBUG client.py Была вызвана функция process_ans c параметрами ({'response': 200},), {}. Вызов из модуля __main__. Вызов из функции main().Вызов из функции main
2022-02-07 22:43:15,265 INFO client.py Принят ответ от сервера 200 : OK
2022-02-07 22:43:15,281 DEBUG client.py Была вызвана функция create_arg_parser c параметрами (), {}. Вызов из модуля __main__. Вызов из функции main().Вызов из функции main
2022-02-07 22:43:15,281 INFO client.py Запущен клиент с парамертами: адрес сервера: 127.0.0.1, порт: 7777, режим работы: send
2022-02-07 22:43:15,281 DEBUG client.py Сформировано presence сообщение для пользователя Guest
2022-02-07 22:43:15,281 DEBUG client.py Разбор приветственного сообщения от сервера: {'response': 200}
2022-02-07 22:43:15,297 DEBUG client.py Была вызвана функция process_ans c параметрами ({'response': 200},), {}. Вызов из модуля __main__. Вызов из функции main().Вызов из функции main
2022-02-07 22:43:15,297 INFO client.py Принят ответ от сервера 200 : OK
2022-02-07 22:43:15,297 DEBUG client.py Была вызвана функция create_presence c параметрами (), {}. Вызов из модуля __main__. Вызов из функции main().Вызов из функции main
2022-02-07 22:43:15,810 DEBUG client.py Разбор приветственного сообщения от сервера: {'response': 200}
2022-02-07 22:43:15,810 DEBUG client.py Была вызвана функция process_ans c параметрами ({'response': 200},), {}. Вызов из модуля __main__. Вызов из функции main().Вызов из функции main
2022-02-07 22:43:15,810 INFO client.py Принят ответ от сервера 200 : OK
2022-02-07 22:43:46,965 DEBUG client.py Была вызвана функция create_arg_parser c параметрами (), {}. Вызов из модуля __main__. Вызов из функции main().Вызов из функции main
2022-02-07 22:43:46,965 INFO client.py Запущен клиент с парамертами: адрес сервера: 127.0.0.1, порт: 7777, режим работы: listen
2022-02-07 22:43:46,981 DEBUG client.py Была вызвана функция create_arg_parser c параметрами (), {}. Вызов из модуля __main__. Вызов из функции main().Вызов из функции main
2022-02-07 22:43:46,981 INFO client.py Запущен клиент с парамертами: адрес сервера: 127.0.0.1, порт: 7777, режим работы: listen
2022-02-07 22:43:46,997 DEBUG client.py Была вызвана функция create_arg_parser c параметрами (), {}. Вызов из модуля __main__. Вызов из функции main().Вызов из функции main
2022-02-07 22:43:46,997 INFO client.py Запущен клиент с парамертами: адрес сервера: 127.0.0.1, порт: 7777, режим работы: listen
2022-02-07 22:43:46,997 DEBUG client.py Была вызвана функция create_arg_parser c параметрами (), {}. Вызов из модуля __main__. Вызов из функции main().Вызов из функции main
2022-02-07 22:43:46,997 INFO client.py Запущен клиент с парамертами: адрес сервера: 127.0.0.1, порт: 7777, режим работы: send
2022-02-07 22:43:47,012 DEBUG client.py Была вызвана функция create_arg_parser c параметрами (), {}. Вызов из модуля __main__. Вызов из функции main().Вызов из функции main
2022-02-07 22:43:47,012 INFO client.py Запущен клиент с парамертами: адрес сервера: 127.0.0.1, порт: 7777, режим работы: send
2022-02-07 22:43:47,488 DEBUG client.py Сформировано presence сообщение для пользователя Guest
2022-02-07 22:43:47,488 DEBUG client.py Была вызвана функция create_presence c параметрами (), {}. Вызов из модуля __main__. Вызов из функции main().Вызов из функции main
2022-02-07 22:43:47,504 DEBUG client.py Сформировано presence сообщение для пользователя Guest
2022-02-07 22:43:47,504 DEBUG client.py Сформировано presence сообщение для пользователя Guest
2022-02-07 22:43:47,504 DEBUG client.py Разбор приветственного сообщения от сервера: {'response': 200}
2022-02-07 22:43:47,504 DEBUG client.py Была вызвана функция create_presence c параметрами (), {}. Вызов из модуля __main__. Вызов из функции main().Вызов из функции main
2022-02-07 22:43:47,504 DEBUG client.py Была вызвана функция create_presence c параметрами (), {}. Вызов из модуля __main__. Вызов из функции main().Вызов из функции main
2022-02-07 22:43:47,504 DEBUG client.py Была вызвана функция process_ans c параметрами ({'response': 200},), {}. Вызов из модуля __main__. Вызов из функции main().Вызов из функции main
2022-02-07 22:43:47,504 INFO client.py Принят ответ от сервера 200 : OK
2022-02-07 22:43:47,504 DEBUG client.py Разбор приветственного сообщения от сервера: {'response': 200}
2022-02-07 22:43:47,520 DEBUG client.py Сформировано presence сообщение для пользователя Guest
2022-02-07 22:43:47,525 DEBUG client.py Была вызвана функция process_ans c параметрами ({'response': 200},), {}. Вызов из модуля __main__. Вызов из функции main().Вызов из функции main
2022-02-07 22:43:47,525 INFO client.py Принят ответ от сервера 200 : OK
2022-02-07 22:43:47,525 DEBUG client.py Была вызвана функция create_presence c параметрами (), {}. Вызов из модуля __main__. Вызов из функции main().Вызов из функции main
2022-02-07 22:43:47,525 DEBUG client.py Разбор приветственного сообщения от сервера: {'response': 200}
2022-02-07 22:43:47,533 DEBUG client.py Сформировано presence сообщение для пользователя Guest
2022-02-07 22:43:47,533 DEBUG client.py Была вызвана функция process_ans c параметрами ({'response': 200},), {}. Вызов из модуля __main__. Вызов из функции main().Вызов из функции main
2022-02-07 22:43:47,533 INFO client.py Принят ответ от сервера 200 : OK
2022-02-07 22:43:47,541 DEBUG client.py Была вызвана функция create_presence c параметрами (), {}. Вызов из модуля __main__. Вызов из функции main().Вызов из функции main
2022-02-07 22:43:47,541 DEBUG client.py Разбор приветственного сообщения от сервера: {'response': 200}
2022-02-07 22:43:47,541 DEBUG client.py Была вызвана функция process_ans c параметрами ({'response': 200},), {}. Вызов из модуля __main__. Вызов из функции main().Вызов из функции main
2022-02-07 22:43:47,541 INFO client.py Принят ответ от сервера 200 : OK
2022-02-07 22:43:47,549 DEBUG client.py Разбор приветственного сообщения от сервера: {'response': 200}
2022-02-07 22:43:47,549 DEBUG client.py Была вызвана функция process_ans c параметрами ({'response': 200},), {}. Вызов из модуля __main__. Вызов из функции main().Вызов из функции main
2022-02-07 22:43:47,549 INFO client.py Принят ответ от сервера 200 : OK
2022-02-07 22:44:45,339 DEBUG client.py Сформирован словарь сообщения: {'action': 'message', 'time': 1644263085.3397424, 'account_name': 'Guest', 'mess_text': 'ку ку'}
2022-02-07 22:44:45,355 DEBUG client.py Была вызвана функция create_message c параметрами (<socket.socket fd=424, family=AddressFamily.AF_INET, type=SocketKind.SOCK_STREAM, proto=0, laddr=('127.0.0.1', 65202), raddr=('127.0.0.1', 7777)>,), {}. Вызов из модуля __main__. Вызов из функции main().Вызов из функции main
2022-02-07 22:44:45,496 INFO client.py Получено сообщение от пользователя Guest:
ку ку
2022-02-07 22:44:45,496 INFO client.py Получено сообщение от пользователя Guest:
ку ку
2022-02-07 22:44:45,506 INFO client.py Получено сообщение от пользователя Guest:
ку ку
2022-02-07 22:44:45,506 DEBUG client.py Была вызвана функция message_from_server c параметрами ({'action': 'message', 'sender': 'Guest', 'time': 1644263085.4961004, 'mess_text': 'ку ку'},), {}. Вызов из модуля __main__. Вызов из функции main().Вызов из функции main
2022-02-07 22:44:45,506 DEBUG client.py Была вызвана функция message_from_server c параметрами ({'action': 'message', 'sender': 'Guest', 'time': 1644263085.4961004, 'mess_text': 'ку ку'},), {}. Вызов из модуля __main__. Вызов из функции main().Вызов из функции main
2022-02-07 22:44:45,506 DEBUG client.py Была вызвана функция message_from_server c параметрами ({'action': 'message', 'sender': 'Guest', 'time': 1644263085.4961004, 'mess_text': 'ку ку'},), {}. Вызов из модуля __main__. Вызов из функции main().Вызов из функции main
2022-02-07 22:52:47,953 DEBUG client.py Была вызвана функция create_arg_parser c параметрами (), {}. Вызов из модуля __main__. Вызов из функции main().Вызов из функции main
2022-02-07 22:52:47,953 INFO client.py Запущен клиент с парамертами: адрес сервера: 127.0.0.1, порт: 7777, режим работы: send
2022-02-07 22:52:47,979 DEBUG client.py Была вызвана функция create_arg_parser c параметрами (), {}. Вызов из модуля __main__. Вызов из функции main().Вызов из функции main
2022-02-07 22:52:47,979 INFO client.py Запущен клиент с парамертами: адрес сервера: 127.0.0.1, порт: 7777, режим работы: send
2022-02-07 22:52:47,995 DEBUG client.py Была вызвана функция create_arg_parser c параметрами (), {}. Вызов из модуля __main__. Вызов из функции main().Вызов из функции main
2022-02-07 22:52:47,995 INFO client.py Запущен клиент с парамертами: адрес сервера: 127.0.0.1, порт: 7777, режим работы: listen
2022-02-07 22:52:47,995 DEBUG client.py Сформировано presence сообщение для пользователя Guest
2022-02-07 22:52:47,995 DEBUG client.py Была вызвана функция create_arg_parser c параметрами (), {}. Вызов из модуля __main__. Вызов из функции main().Вызов из функции main
2022-02-07 22:52:47,995 INFO client.py Запущен клиент с парамертами: адрес сервера: 127.0.0.1, порт: 7777, режим работы: listen
2022-02-07 22:52:47,995 DEBUG client.py Была вызвана функция create_presence c параметрами (), {}. Вызов из модуля __main__. Вызов из функции main().Вызов из функции main
2022-02-07 22:52:47,995 DEBUG client.py Сформировано presence сообщение для пользователя Guest
2022-02-07 22:52:47,995 DEBUG client.py Разбор приветственного сообщения от сервера: {'response': 200}
2022-02-07 22:52:47,995 DEBUG client.py Была вызвана функция create_presence c параметрами (), {}. Вызов из модуля __main__. Вызов из функции main().Вызов из функции main
2022-02-07 22:52:47,995 DEBUG client.py Была вызвана функция process_ans c параметрами ({'response': 200},), {}. Вызов из модуля __main__. Вызов из функции main().Вызов из функции main
2022-02-07 22:52:47,995 INFO client.py Принят ответ от сервера 200 : OK
2022-02-07 22:52:48,010 DEBUG client.py Была вызвана функция create_arg_parser c параметрами (), {}. Вызов из модуля __main__. Вызов из функции main().Вызов из функции main
2022-02-07 22:52:48,010 INFO client.py Запущен клиент с парамертами: адрес сервера: 127.0.0.1, порт: 7777, режим работы: listen
2022-02-07 22:52:48,010 DEBUG client.py Сформировано presence сообщение для пользователя Guest
2022-02-07 22:52:48,010 DEBUG client.py Разбор приветственного сообщения от сервера: {'response': 200}
2022-02-07 22:52:48,010 DEBUG client.py Была вызвана функция create_presence c параметрами (), {}. Вызов из модуля __main__. Вызов из функции main().Вызов из функции main
2022-02-07 22:52:48,010 DEBUG client.py Была вызвана функция process_ans c параметрами ({'response': 200},), {}. Вызов из модуля __main__. Вызов из функции main().Вызов из функции main
2022-02-07 22:52:48,010 INFO client.py Принят ответ от сервера 200 : OK
2022-02-07 22:52:48,486 DEBUG client.py Сформировано presence сообщение для пользователя Guest
2022-02-07 22:52:48,486 DEBUG client.py Разбор приветственного сообщения от сервера: {'response': 200}
2022-02-07 22:52:48,494 DEBUG client.py Была вызвана функция create_presence c параметрами (), {}. Вызов из модуля __main__. Вызов из функции main().Вызов из функции main
2022-02-07 22:52:48,494 DEBUG client.py Была вызвана функция process_ans c параметрами ({'response': 200},), {}. Вызов из модуля __main__. Вызов из функции main().Вызов из функции main
2022-02-07 22:52:48,494 INFO client.py Принят ответ от сервера 200 : OK
2022-02-07 22:52:48,502 DEBUG client.py Сформировано presence сообщение для пользователя Guest
2022-02-07 22:52:48,502 DEBUG client.py Разбор приветственного сообщения от сервера: {'response': 200}
2022-02-07 22:52:48,510 DEBUG client.py Была вызвана функция create_presence c параметрами (), {}. Вызов из модуля __main__. Вызов из функции main().Вызов из функции main
2022-02-07 22:52:48,510 DEBUG client.py Была вызвана функция process_ans c параметрами ({'response': 200},), {}. Вызов из модуля __main__. Вызов из функции main().Вызов из функции main
2022-02-07 22:52:48,510 INFO client.py Принят ответ от сервера 200 : OK
2022-02-07 22:52:49,013 DEBUG client.py Разбор приветственного сообщения от сервера: {'response': 200}
2022-02-07 22:52:49,013 DEBUG client.py Была вызвана функция process_ans c параметрами ({'response': 200},), {}. Вызов из модуля __main__. Вызов из функции main().Вызов из функции main
2022-02-07 22:52:49,013 INFO client.py Принят ответ от сервера 200 : OK
2022-02-07 22:52:59,622 DEBUG client.py Сформирован словарь сообщения: {'action': 'message', 'time': 1644263579.6229234, 'account_name': 'Guest', 'mess_text': 'jh'}
2022-02-07 22:52:59,622 DEBUG client.py Была вызвана функция create_message c параметрами (<socket.socket fd=308, family=AddressFamily.AF_INET, type=SocketKind.SOCK_STREAM, proto=0, laddr=('127.0.0.1', 54257), raddr=('127.0.0.1', 7777)>,), {}. Вызов из модуля __main__. Вызов из функции main().Вызов из функции main
2022-02-07 22:52:59,678 INFO client.py Получено сообщение от пользователя Guest:
jh
2022-02-07 22:52:59,678 INFO client.py Получено сообщение от пользователя Guest:
jh
2022-02-07 22:52:59,693 DEBUG client.py Была вызвана функция message_from_server c параметрами ({'action': 'message', 'sender': 'Guest', 'time': 1644263579.678048, 'mess_text': 'jh'},), {}. Вызов из модуля __main__. Вызов из функции main().Вызов из функции main
2022-02-07 22:52:59,693 DEBUG client.py Была вызвана функция message_from_server c параметрами ({'action': 'message', 'sender': 'Guest', 'time': 1644263579.678048, 'mess_text': 'jh'},), {}. Вызов из модуля __main__. Вызов из функции main().Вызов из функции main
2022-02-07 22:52:59,699 INFO client.py Получено сообщение от пользователя Guest:
jh
2022-02-07 22:52:59,699 DEBUG client.py Была вызвана функция message_from_server c параметрами ({'action': 'message', 'sender': 'Guest', 'time': 1644263579.678048, 'mess_text': 'jh'},), {}. Вызов из модуля __main__. Вызов из функции main().Вызов из функции main
2022-02-07 22:52:59,880 DEBUG client.py Сформирован словарь сообщения: {'action': 'message', 'time': 1644263579.8801625, 'account_name': 'Guest', 'mess_text': ''}
2022-02-07 22:52:59,880 DEBUG client.py Была вызвана функция create_message c параметрами (<socket.socket fd=308, family=AddressFamily.AF_INET, type=SocketKind.SOCK_STREAM, proto=0, laddr=('127.0.0.1', 54257), raddr=('127.0.0.1', 7777)>,), {}. Вызов из модуля __main__. Вызов из функции main().Вызов из функции main
2022-02-07 22:53:00,192 INFO client.py Получено сообщение от пользователя Guest:

2022-02-07 22:53:00,192 INFO client.py Получено сообщение от пользователя Guest:

2022-02-07 22:53:00,192 INFO client.py Получено сообщение от пользователя Guest:

2022-02-07 22:53:00,192 DEBUG client.py Была вызвана функция message_from_server c параметрами ({'action': 'message', 'sender': 'Guest', 'time': 1644263580.1927369, 'mess_text': ''},), {}. Вызов из модуля __main__. Вызов из функции main().Вызов из функции main
2022-02-07 22:53:00,208 DEBUG client.py Была вызвана функция message_from_server c параметрами ({'action': 'message', 'sender': 'Guest', 'time': 1644263580.1927369, 'mess_text': ''},), {}. Вызов из модуля __main__. Вызов из функции main().Вызов из функции main
2022-02-07 22:53:00,208 DEBUG client.py Была вызвана функция message_from_server c параметрами ({'action': 'message', 'sender': 'Guest', 'time': 1644263580.1927369, 'mess_text': ''},), {}. Вызов из модуля __main__. Вызов из функции main().Вызов из функции main
2022-02-07 23:04:13,627 DEBUG client.py Была вызвана функция create_arg_parser c параметрами (), {}. Вызов из модуля __main__. Вызов из функции main().Вызов из функции main
2022-02-07 23:04:13,627 INFO client.py Запущен клиент с парамертами: адрес сервера: 127.0.0.1, порт: 7777, режим работы: listen
2022-02-07 23:04:13,627 DEBUG client.py Была вызвана функция create_arg_parser c параметрами (), {}. Вызов из модуля __main__. Вызов из функции main().Вызов из функции main
2022-02-07 23:04:13,627 INFO client.py Запущен клиент с парамертами: адрес сервера: 127.0.0.1, порт: 7777, режим работы: listen
2022-02-07 23:04:13,627 DEBUG client.py Была вызвана функция create_arg_parser c параметрами (), {}. Вызов из модуля __main__. Вызов из функции main().Вызов из функции main
2022-02-07 23:04:13,627 INFO client.py Запущен клиент с парамертами: адрес сервера: 127.0.0.1, порт: 7777, режим работы: send
2022-02-07 23:04:13,721 DEBUG client.py Была вызвана функция create_arg_parser c параметрами (), {}. Вызов из модуля __main__. Вызов из функции main().Вызов из функции main
2022-02-07 23:04:13,721 INFO client.py Запущен клиент с парамертами: адрес сервера: 127.0.0.1, порт: 7777, режим работы: listen
2022-02-07 23:04:13,721 DEBUG client.py Сформировано presence сообщение для пользователя Guest
2022-02-07 23:04:13,721 DEBUG client.py Была вызвана функция create_presence c параметрами (), {}. Вызов из модуля __main__. Вызов из функции main().Вызов из функции main
2022-02-07 23:04:13,815 DEBUG client.py Была вызвана функция create_arg_parser c параметрами (), {}. Вызов из модуля __main__. Вызов из функции main().Вызов из функции main
2022-02-07 23:04:13,815 INFO client.py Запущен клиент с парамертами: адрес сервера: 127.0.0.1, порт: 7777, режим работы: send
2022-02-07 23:04:13,815 DEBUG client.py Сформировано presence сообщение для пользователя Guest
2022-02-07 23:04:13,815 DEBUG client.py Разбор приветственного сообщения от сервера: {'response': 200}
2022-02-07 23:04:13,815 DEBUG client.py Была вызвана функция create_presence c параметрами (), {}. Вызов из модуля __main__. Вызов из функции main().Вызов из функции main
2022-02-07 23:04:13,815 DEBUG client.py Была вызвана функция process_ans c параметрами ({'response': 200},), {}. Вызов из модуля __main__. Вызов из функции main().Вызов из функции main
2022-02-07 23:04:13,815 INFO client.py Принят ответ от сервера 200 : OK
2022-02-07 23:04:14,134 DEBUG client.py Сформировано presence сообщение для пользователя Guest
2022-02-07 23:04:14,134 DEBUG client.py Разбор приветственного сообщения от сервера: {'response': 200}
2022-02-07 23:04:14,142 DEBUG client.py Была вызвана функция create_presence c параметрами (), {}. Вызов из модуля __main__. Вызов из функции main().Вызов из функции main
2022-02-07 23:04:14,142 DEBUG client.py Была вызвана функция process_ans c параметрами ({'response': 200},), {}. Вызов из модуля __main__. Вызов из функции main().Вызов из функции main
2022-02-07 23:04:14,142 INFO client.py Принят ответ от сервера 200 : OK
2022-02-07 23:04:14,150 DEBUG client.py Сформировано presence сообщение для пользователя Guest
2022-02-07 23:04:14,150 DEBUG client.py Сформировано presence сообщение для пользователя Guest
2022-02-07 23:04:14,155 DEBUG client.py Разбор приветственного сообщения от сервера: {'response': 200}
2022-02-07 23:04:14,155 DEBUG client.py Была вызвана функция create_presence c параметрами (), {}. Вызов из модуля __main__. Вызов из функции main().Вызов из функции main
2022-02-07 23:04:14,155 DEBUG client.py Была вызвана функция create_presence c параметрами (), {}. Вызов из модуля __main__. Вызов из функции main().Вызов из функции main
2022-02-07 23:04:14,155 DEBUG client.py Была вызвана функция process_ans c параметрами ({'response': 200},), {}. Вызов из модуля __main__. Вызов из функции main().Вызов из функции main
2022-02-07 23:04:14,155 INFO client.py Принят ответ от сервера 200 : OK
2022-02-07 23:04:14,155 DEBUG client.py Разбор приветственного сообщения от сервера: {'response': 200}
2022-02-07 23:04:14,171 DEBUG client.py Была вызвана функция process_ans c параметрами ({'response': 200},), {}. Вызов из модуля __main__. Вызов из функции main().Вызов из функции main
2022-02-07 23:04:14,171 INFO client.py Принят ответ от сервера 200 : OK
2022-02-07 23:04:14,171 DEBUG client.py Разбор приветственного сообщения от сервера: {'response': 200}
2022-02-07 23:04:14,171 DEBUG client.py Была вызвана функция process_ans c параметрами ({'response': 200},), {}. Вызов из модуля __main__. Вызов из функции main().Вызов из функции main
2022-02-07 23:04:14,171 INFO client.py Принят ответ от сервера 200 : OK
2022-02-07 23:29:44,073 DEBUG client.py Была вызвана функция create_arg_parser c параметрами (), {}. Вызов из модуля __main__. Вызов из функции main().Вызов из функции main
2022-02-07 23:29:44,073 INFO client.py Запущен клиент с парамертами: адрес сервера: 127.0.0.1, порт: 7777, режим работы: listen
2022-02-07 23:29:44,073 DEBUG client.py Была вызвана функция create_arg_parser c параметрами (), {}. Вызов из модуля __main__. Вызов из функции main().Вызов из функции main
2022-02-07 23:29:44,073 INFO client.py Запущен клиент с парамертами: адрес сервера: 127.0.0.1, порт: 7777, режим работы: listen
2022-02-07 23:29:44,073 DEBUG client.py Сформировано presence сообщение для пользователя Guest
2022-02-07 23:29:44,073 DEBUG client.py Была вызвана функция create_presence c параметрами (), {}. Вызов из модуля __main__. Вызов из функции main().Вызов из функции main
2022-02-07 23:29:44,584 DEBUG client.py Сформировано presence сообщение для пользователя Guest
2022-02-07 23:29:44,584 DEBUG client.py Разбор приветственного сообщения от сервера: {'response': 200}
2022-02-07 23:29:44,584 DEBUG client.py Была вызвана функция create_presence c параметрами (), {}. Вызов из модуля __main__. Вызов из функции main().Вызов из функции main
2022-02-07 23:29:44,584 DEBUG client.py Была вызвана функция process_ans c параметрами ({'response': 200},), {}. Вызов из модуля __main__. Вызов из функции main().Вызов из функции main
2022-02-07 23:29:44,584 INFO client.py Принят ответ от сервера 200 : OK
2022-02-07 23:29:45,100 DEBUG client.py Разбор приветственного сообщения от сервера: {'response': 200}
2022-02-07 23:29:45,100 DEBUG client.py Была вызвана функция process_ans c параметрами ({'response': 200},), {}. Вызов из модуля __main__. Вызов из функции main().Вызов из функции main
2022-02-07 23:29:45,100 INFO client.py Принят ответ от сервера 200 : OK
2022-02-07 23:30:22,840 DEBUG client.py Была вызвана функция create_arg_parser c параметрами (), {}. Вызов из модуля __main__. Вызов из функции main().Вызов из функции main
2022-02-07 23:30:22,840 INFO client.py Запущен клиент с парамертами: адрес сервера: 127.0.0.1, порт: 7777, режим работы: listen
2022-02-07 23:30:22,887 DEBUG client.py Была вызвана функция create_arg_parser c параметрами (), {}. Вызов из модуля __main__. Вызов из функции main().Вызов из функции main
2022-02-07 23:30:22,887 INFO client.py Запущен клиент с парамертами: адрес сервера: 127.0.0.1, порт: 7777, режим работы: listen
2022-02-07 23:30:22,887 DEBUG client.py Сформировано presence сообщение для пользователя Guest
2022-02-07 23:30:22,887 DEBUG client.py Была вызвана функция create_presence c параметрами (), {}. Вызов из модуля __main__. Вызов из функции main().Вызов из функции main
2022-02-07 23:30:23,365 DEBUG client.py Сформировано presence сообщение для пользователя Guest
2022-02-07 23:30:23,365 DEBUG client.py Разбор приветственного сообщения от сервера: {'response': 200}
2022-02-07 23:30:23,365 DEBUG client.py Была вызвана функция create_presence c параметрами (), {}. Вызов из модуля __main__. Вызов из функции main().Вызов из функции main
2022-02-07 23:30:23,365 DEBUG client.py Была вызвана функция process_ans c параметрами ({'response': 200},), {}. Вызов из модуля __main__. Вызов из функции main().Вызов из функции main
2022-02-07 23:30:23,365 INFO client.py Принят ответ от сервера 200 : OK
2022-02-07 23:30:23,878 DEBUG client.py Разбор приветственного сообщения от сервера: {'response': 200}
2022-02-07 23:30:23,878 DEBUG client.py Была вызвана функция process_ans c параметрами ({'response': 200},), {}. Вызов из модуля __main__. Вызов из функции main().Вызов из функции main
2022-02-07 23:30:23,878 INFO client.py Принят ответ от сервера 200 : OK
2022-02-07 23:31:09,442 DEBUG client.py Была вызвана функция create_arg_parser c параметрами (), {}. Вызов из модуля __main__. Вызов из функции main().Вызов из функции main
2022-02-07 23:31:09,442 INFO client.py Запущен клиент с парамертами: адрес сервера: 127.0.0.1, порт: 7777, режим работы: send
2022-02-07 23:31:09,473 DEBUG client.py Была вызвана функция create_arg_parser c параметрами (), {}. Вызов из модуля __main__. Вызов из функции main().Вызов из функции main
2022-02-07 23:31:09,473 INFO client.py Запущен клиент с парамертами: адрес сервера: 127.0.0.1, порт: 7777, режим работы: listen
2022-02-07 23:31:09,473 DEBUG client.py Сформировано presence сообщение для пользователя Guest
2022-02-07 23:31:09,473 DEBUG client.py Была вызвана функция create_presence c параметрами (), {}. Вызов из модуля __main__. Вызов из функции main().Вызов из функции main
2022-02-07 23:31:09,504 DEBUG client.py Была вызвана функция create_arg_parser c параметрами (), {}. Вызов из модуля __main__. Вызов из функции main().Вызов из функции main
2022-02-07 23:31:09,504 INFO client.py Запущен клиент с парамертами: адрес сервера: 127.0.0.1, порт: 7777, режим работы: listen
2022-02-07 23:31:09,504 DEBUG client.py Сформировано presence сообщение для пользователя Guest
2022-02-07 23:31:09,504 DEBUG client.py Разбор приветственного сообщения от сервера: {'response': 200}
2022-02-07 23:31:09,504 DEBUG client.py Была вызвана функция create_presence c параметрами (), {}. Вызов из модуля __main__. Вызов из функции main().Вызов из функции main
2022-02-07 23:31:09,504 DEBUG client.py Была вызвана функция process_ans c параметрами ({'response': 200},), {}. Вызов из модуля __main__. Вызов из функции main().Вызов из функции main
2022-02-07 23:31:09,504 INFO client.py Принят ответ от сервера 200 : OK
2022-02-07 23:31:09,535 DEBUG client.py Была вызвана функция create_arg_parser c параметрами (), {}. Вызов из модуля __main__. Вызов из функции main().Вызов из функции main
2022-02-07 23:31:09,535 INFO client.py Запущен клиент с парамертами: адрес сервера: 127.0.0.1, порт: 7777, режим работы: send
2022-02-07 23:31:09,535 DEBUG client.py Сформировано presence сообщение для пользователя Guest
2022-02-07 23:31:09,535 DEBUG client.py Разбор приветственного сообщения от сервера: {'response': 200}
2022-02-07 23:31:09,535 DEBUG client.py Была вызвана функция create_presence c параметрами (), {}. Вызов из модуля __main__. Вызов из функции main().Вызов из функции main
2022-02-07 23:31:09,535 DEBUG client.py Была вызвана функция process_ans c параметрами ({'response': 200},), {}. Вызов из модуля __main__. Вызов из функции main().Вызов из функции main
2022-02-07 23:31:09,535 INFO client.py Принят ответ от сервера 200 : OK
2022-02-07 23:31:09,960 DEBUG client.py Сформировано presence сообщение для пользователя Guest
2022-02-07 23:31:09,960 DEBUG client.py Разбор приветственного сообщения от сервера: {'response': 200}
2022-02-07 23:31:09,960 DEBUG client.py Была вызвана функция create_presence c параметрами (), {}. Вызов из модуля __main__. Вызов из функции main().Вызов из функции main
2022-02-07 23:31:09,960 DEBUG client.py Была вызвана функция process_ans c параметрами ({'response': 200},), {}. Вызов из модуля __main__. Вызов из функции main().Вызов из функции main
2022-02-07 23:31:09,960 INFO client.py Принят ответ от сервера 200 : OK
2022-02-07 23:31:10,469 DEBUG client.py Разбор приветственного сообщения от сервера: {'response': 200}
2022-02-07 23:31:10,469 DEBUG client.py Была вызвана функция process_ans c параметрами ({'response': 200},), {}. Вызов из модуля __main__. Вызов из функции main().Вызов из функции main
2022-02-07 23:31:10,469 INFO client.py Принят ответ от сервера 200 : OK
2022-02-07 23:35:15,883 DEBUG client.py Была вызвана функция create_arg_parser c параметрами (), {}. Вызов из модуля __main__. Вызов из функции main().Вызов из функции main
2022-02-07 23:35:15,883 INFO client.py Запущен клиент с парамертами: адрес сервера: 127.0.0.1, порт: 7777, режим работы: listen
2022-02-07 23:35:15,883 DEBUG client.py Сформировано presence сообщение для пользователя Guest
2022-02-07 23:35:15,883 DEBUG client.py Была вызвана функция create_presence c параметрами (), {}. Вызов из модуля __main__. Вызов из функции main().Вызов из функции main
2022-02-07 23:35:15,899 DEBUG client.py Была вызвана функция create_arg_parser c параметрами (), {}. Вызов из модуля __main__. Вызов из функции main().Вызов из функции main
2022-02-07 23:35:15,899 INFO client.py Запущен клиент с парамертами: адрес сервера: 127.0.0.1, порт: 7777, режим работы: listen
2022-02-07 23:35:15,899 DEBUG client.py Сформировано presence сообщение для пользователя Guest
2022-02-07 23:35:15,899 DEBUG client.py Разбор приветственного сообщения от сервера: {'response': 200}
2022-02-07 23:35:15,899 DEBUG client.py Была вызвана функция create_presence c параметрами (), {}. Вызов из модуля __main__. Вызов из функции main().Вызов из функции main
2022-02-07 23:35:15,899 DEBUG client.py Была вызвана функция process_ans c параметрами ({'response': 200},), {}. Вызов из модуля __main__. Вызов из функции main().Вызов из функции main
2022-02-07 23:35:15,899 INFO client.py Принят ответ от сервера 200 : OK
2022-02-07 23:35:16,412 DEBUG client.py Разбор приветственного сообщения от сервера: {'response': 200}
2022-02-07 23:35:16,412 DEBUG client.py Была вызвана функция process_ans c параметрами ({'response': 200},), {}. Вызов из модуля __main__. Вызов из функции main().Вызов из функции main
2022-02-07 23:35:16,412 INFO client.py Принят ответ от сервера 200 : OK
2022-02-07 23:35:28,367 ERROR client.py Соединение с сервером 127.0.0.1 было потеряно.
2022-02-07 23:35:28,367 ERROR client.py Соединение с сервером 127.0.0.1 было потеряно.
2022-02-07 23:35:51,325 DEBUG client.py Была вызвана функция create_arg_parser c параметрами (), {}. Вызов из модуля __main__. Вызов из функции main().Вызов из функции main
2022-02-07 23:35:51,325 INFO client.py Запущен клиент с парамертами: адрес сервера: 127.0.0.1, порт: 7777, режим работы: listen
2022-02-07 23:35:51,325 DEBUG client.py Сформировано presence сообщение для пользователя Guest
2022-02-07 23:35:51,325 DEBUG client.py Была вызвана функция create_presence c параметрами (), {}. Вызов из модуля __main__. Вызов из функции main().Вызов из функции main
2022-02-07 23:35:51,356 DEBUG client2.py Была вызвана функция create_arg_parser c параметрами (), {}. Вызов из модуля __main__. Вызов из функции main().Вызов из функции main
2022-02-07 23:35:51,356 INFO client2.py Запущен клиент с парамертами: адрес сервера: 127.0.0.1, порт: 7777, режим работы: send
2022-02-07 23:35:51,356 DEBUG client.py Разбор приветственного сообщения от сервера: {'response': 200}
2022-02-07 23:35:51,356 DEBUG client.py Была вызвана функция process_ans c параметрами ({'response': 200},), {}. Вызов из модуля __main__. Вызов из функции main().Вызов из функции main
2022-02-07 23:35:51,356 INFO client.py Принят ответ от сервера 200 : OK
2022-02-07 23:35:51,356 DEBUG client2.py Сформировано presence сообщение для пользователя Guest2
2022-02-07 23:35:51,356 DEBUG client2.py Была вызвана функция create_presence c параметрами (), {}. Вызов из модуля __main__. Вызов из функции main().Вызов из функции main
2022-02-07 23:35:51,439 DEBUG client.py Была вызвана функция create_arg_parser c параметрами (), {}. Вызов из модуля __main__. Вызов из функции main().Вызов из функции main
2022-02-07 23:35:51,439 INFO client.py Запущен клиент с парамертами: адрес сервера: 127.0.0.1, порт: 7777, режим работы: listen
2022-02-07 23:35:51,439 DEBUG client.py Сформировано presence сообщение для пользователя Guest
2022-02-07 23:35:51,439 DEBUG client2.py Разбор приветственного сообщения от сервера: {'response': 400, 'error': 'Bad Request'}
2022-02-07 23:35:51,439 DEBUG client.py Была вызвана функция create_presence c параметрами (), {}. Вызов из модуля __main__. Вызов из функции main().Вызов из функции main
2022-02-07 23:35:51,439 ERROR client2.py При установке соединения сервер вернул ошибку: 400 : Bad Request
2022-02-07 23:35:51,939 DEBUG client.py Разбор приветственного сообщения от сервера: {'response': 200}
2022-02-07 23:35:51,939 DEBUG client.py Была вызвана функция process_ans c параметрами ({'response': 200},), {}. Вызов из модуля __main__. Вызов из функции main().Вызов из функции main
2022-02-07 23:35:51,939 INFO client.py Принят ответ от сервера 200 : OK
2022-02-07 23:37:29,633 DEBUG client2.py Была вызвана функция create_arg_parser c параметрами (), {}. Вызов из модуля __main__. Вызов из функции main().Вызов из функции main
2022-02-07 23:37:29,633 INFO client2.py Запущен клиент с парамертами: адрес сервера: 127.0.0.1, порт: 7777, режим работы: send
2022-02-07 23:37:31,675 CRITICAL client2.py Не удалось подключиться к серверу 127.0.0.1:7777, конечный компьютер отверг запрос на подключение.
2022-02-07 23:37:41,292 DEBUG client.py Была вызвана функция create_arg_parser c параметрами (), {}. Вызов из модуля __main__. Вызов из функции main().Вызов из функции main
2022-02-07 23:37:41,292 INFO client.py Запущен клиент с парамертами: адрес сервера: 127.0.0.1, порт: 7777, режим работы: listen
2022-02-07 23:37:41,292 DEBUG client.py Сформировано presence сообщение для пользователя Guest
2022-02-07 23:37:41,307 DEBUG client.py Была вызвана функция create_presence c параметрами (), {}. Вызов из модуля __main__. Вызов из функции main().Вызов из функции main
2022-02-07 23:37:41,323 DEBUG client.py Была вызвана функция create_arg_parser c параметрами (), {}. Вызов из модуля __main__. Вызов из функции main().Вызов из функции main
2022-02-07 23:37:41,323 INFO client.py Запущен клиент с парамертами: адрес сервера: 127.0.0.1, порт: 7777, режим работы: listen
2022-02-07 23:37:41,323 DEBUG client.py Сформировано presence сообщение для пользователя Guest
2022-02-07 23:37:41,323 DEBUG client.py Разбор приветственного сообщения от сервера: {'response': 200}
2022-02-07 23:37:41,338 DEBUG client.py Была вызвана функция process_ans c параметрами ({'response': 200},), {}. Вызов из модуля __main__. Вызов из функции main().Вызов из функции main
2022-02-07 23:37:41,338 INFO client.py Принят ответ от сервера 200 : OK
2022-02-07 23:37:41,338 DEBUG client.py Была вызвана функция create_presence c параметрами (), {}. Вызов из модуля __main__. Вызов из функции main().Вызов из функции main
2022-02-07 23:37:41,338 DEBUG client2.py Была вызвана функция create_arg_parser c параметрами (), {}. Вызов из модуля __main__. Вызов из функции main().Вызов из функции main
2022-02-07 23:37:41,338 INFO client2.py Запущен клиент с парамертами: адрес сервера: 127.0.0.1, порт: 7777, режим работы: send
2022-02-07 23:37:41,338 DEBUG client2.py Сформировано presence сообщение для пользователя Guest2
2022-02-07 23:37:41,338 DEBUG client.py Разбор приветственного сообщения от сервера: {'response': 200}
2022-02-07 23:37:41,338 DEBUG client2.py Была вызвана функция create_presence c параметрами (), {}. Вызов из модуля __main__. Вызов из функции main().Вызов из функции main
2022-02-07 23:37:41,338 DEBUG client.py Была вызвана функция process_ans c параметрами ({'response': 200},), {}. Вызов из модуля __main__. Вызов из функции main().Вызов из функции main
2022-02-07 23:37:41,338 INFO client.py Принят ответ от сервера 200 : OK
2022-02-07 23:37:41,838 DEBUG client2.py Разбор приветственного сообщения от сервера: {'response': 400, 'error': 'Bad Request'}
2022-02-07 23:37:41,838 ERROR client2.py При установке соединения сервер вернул ошибку: 400 : Bad Request
2022-02-07 23:37:48,046 DEBUG client2.py Была вызвана функция create_arg_parser c параметрами (), {}. Вызов из модуля __main__. Вызов из функции main().Вызов из функции main
2022-02-07 23:37:48,046 INFO client2.py Запущен клиент с парамертами: адрес сервера: 127.0.0.1, порт: 7777, режим работы: send
2022-02-07 23:37:48,046 DEBUG client2.py Сформировано presence сообщение для пользователя Guest2
2022-02-07 23:37:48,046 DEBUG client2.py Была вызвана функция create_presence c параметрами (), {}. Вызов из модуля __main__. Вызов из функции main().Вызов из функции main
2022-02-07 23:37:48,550 DEBUG client2.py Разбор приветственного сообщения от сервера: {'response': 400, 'error': 'Bad Request'}
2022-02-07 23:37:48,551 ERROR client2.py При установке соединения сервер вернул ошибку: 400 : Bad Request
2022-02-07 23:38:23,662 DEBUG client2.py Была вызвана функция create_arg_parser c параметрами (), {}. Вызов из модуля __main__. Вызов из функции main().Вызов из функции main
2022-02-07 23:38:23,662 INFO client2.py Запущен клиент с парамертами: адрес сервера: 127.0.0.1, порт: 7777, режим работы: send
2022-02-07 23:38:23,662 DEBUG client2.py Сформировано presence сообщение для пользователя Guest
2022-02-07 23:38:23,662 DEBUG client2.py Была вызвана функция create_presence c параметрами (), {}. Вызов из модуля __main__. Вызов из функции main().Вызов из функции main
2022-02-07 23:38:24,163 DEBUG client2.py Разбор приветственного сообщения от сервера: {'response': 200}
2022-02-07 23:38:24,163 DEBUG client2.py Была вызвана функция process_ans c параметрами ({'response': 200},), {}. Вызов из модуля __main__. Вызов из функции main().Вызов из функции main
2022-02-07 23:38:24,163 INFO client2.py Принят ответ от сервера 200 : OK
2022-02-07 23:38:34,347 DEBUG client2.py Сформирован словарь сообщения: {'action': 'message', 'time': 1644266314.3474898, 'account_name': 'Guest', 'mess_text': 'ghb'}
2022-02-07 23:38:34,347 DEBUG client2.py Была вызвана функция create_message c параметрами (<socket.socket fd=352, family=AddressFamily.AF_INET, type=SocketKind.SOCK_STREAM, proto=0, laddr=('127.0.0.1', 52712), raddr=('127.0.0.1', 7777)>,), {}. Вызов из модуля __main__. Вызов из функции main().Вызов из функции main
2022-02-07 23:38:34,363 INFO client.py Получено сообщение от пользователя Guest:
ghb
2022-02-07 23:38:34,363 INFO client.py Получено сообщение от пользователя Guest:
ghb
2022-02-07 23:38:34,363 DEBUG client.py Была вызвана функция message_from_server c параметрами ({'action': 'message', 'sender': 'Guest', 'time': 1644266314.3631134, 'mess_text': 'ghb'},), {}. Вызов из модуля __main__. Вызов из функции main().Вызов из функции main
2022-02-07 23:38:34,363 DEBUG client.py Была вызвана функция message_from_server c параметрами ({'action': 'message', 'sender': 'Guest', 'time': 1644266314.3631134, 'mess_text': 'ghb'},), {}. Вызов из модуля __main__. Вызов из функции main().Вызов из функции main
2022-02-07 23:39:13,057 DEBUG client.py Была вызвана функция create_arg_parser c параметрами (), {}. Вызов из модуля __main__. Вызов из функции main().Вызов из функции main
2022-02-07 23:39:13,057 INFO client.py Запущен клиент с парамертами: адрес сервера: 127.0.0.1, порт: 7777, режим работы: send
2022-02-07 23:39:13,057 DEBUG client.py Была вызвана функция create_arg_parser c параметрами (), {}. Вызов из модуля __main__. Вызов из функции main().Вызов из функции main
2022-02-07 23:39:13,057 INFO client.py Запущен клиент с парамертами: адрес сервера: 127.0.0.1, порт: 7777, режим работы: send
2022-02-07 23:39:13,057 DEBUG client.py Была вызвана функция create_arg_parser c параметрами (), {}. Вызов из модуля __main__. Вызов из функции main().Вызов из функции main
2022-02-07 23:39:13,057 INFO client.py Запущен клиент с парамертами: адрес сервера: 127.0.0.1, порт: 7777, режим работы: listen
2022-02-07 23:39:13,119 DEBUG client.py Была вызвана функция create_arg_parser c параметрами (), {}. Вызов из модуля __main__. Вызов из функции main().Вызов из функции main
2022-02-07 23:39:13,119 INFO client.py Запущен клиент с парамертами: адрес сервера: 127.0.0.1, порт: 7777, режим работы: listen
2022-02-07 23:39:13,119 DEBUG client.py Сформировано presence сообщение для пользователя Guest
2022-02-07 23:39:13,119 DEBUG client.py Была вызвана функция create_presence c параметрами (), {}. Вызов из модуля __main__. Вызов из функции main().Вызов из функции main
2022-02-07 23:39:13,565 DEBUG client.py Сформировано presence сообщение для пользователя Guest
2022-02-07 23:39:13,565 DEBUG client.py Сформировано presence сообщение для пользователя Guest
2022-02-07 23:39:13,565 DEBUG client.py Разбор приветственного сообщения от сервера: {'response': 200}
2022-02-07 23:39:13,565 DEBUG client.py Была вызвана функция create_presence c параметрами (), {}. Вызов из модуля __main__. Вызов из функции main().Вызов из функции main
2022-02-07 23:39:13,565 DEBUG client.py Была вызвана функция create_presence c параметрами (), {}. Вызов из модуля __main__. Вызов из функции main().Вызов из функции main
2022-02-07 23:39:13,565 DEBUG client.py Была вызвана функция process_ans c параметрами ({'response': 200},), {}. Вызов из модуля __main__. Вызов из функции main().Вызов из функции main
2022-02-07 23:39:13,565 INFO client.py Принят ответ от сервера 200 : OK
2022-02-07 23:39:13,581 DEBUG client.py Сформировано presence сообщение для пользователя Guest
se': 200}
2022-02-07 23:39:13,581 DEBUG client.py Была вызвана функция process_ans c параметрами ({'response': 200},), {}. Вызов из модуля __main__. Вызов из функции main().Вызов из функции main
2022-02-07 23:39:13,581 INFO client.py Принят ответ от сервера 200 : OK
2022-02-07 23:39:13,581 DEBUG client.py Разбор приветственного сообщения от сервера: {'response': 200}
2022-02-07 23:39:13,596 DEBUG client.py Была вызвана функция process_ans c параметрами ({'response': 200},), {}. Вызов из модуля __main__. Вызов из функции main().Вызов из функции main
2022-02-07 23:39:13,596 INFO client.py Принят ответ от сервера 200 : OK
2022-02-07 23:39:13,596 DEBUG client.py Разбор приветственного сообщения от сервера: {'response': 200}
2022-02-07 23:39:13,596 DEBUG client.py Была вызвана функция process_ans c параметрами ({'response': 200},), {}. Вызов из модуля __main__. Вызов из функции main().Вызов из функции main
2022-02-07 23:39:13,596 INFO client.py Принят ответ от сервера 200 : OK
2022-02-07 23:39:31,997 DEBUG client2.py Была вызвана функция create_arg_parser c параметрами (), {}. Вызов из модуля __main__. Вызов из функции main().Вызов из функции main
2022-02-07 23:39:31,997 INFO client2.py Запущен клиент с парамертами: адрес сервера: 127.0.0.1, порт: 7777, режим работы: send
2022-02-07 23:39:32,013 DEBUG client2.py Сформировано presence сообщение для пользователя Guest
2022-02-07 23:39:32,013 DEBUG client2.py Была вызвана функция create_presence c параметрами (), {}. Вызов из модуля __main__. Вызов из функции main().Вызов из функции main
2022-02-07 23:39:32,521 DEBUG client2.py Разбор приветственного сообщения от сервера: {'response': 200}
2022-02-07 23:39:32,521 DEBUG client2.py Была вызвана функция process_ans c параметрами ({'response': 200},), {}. Вызов из модуля __main__. Вызов из функции main().Вызов из функции main
2022-02-07 23:39:32,521 INFO client2.py Принят ответ от сервера 200 : OK
2022-02-07 23:39:35,325 DEBUG client2.py Сформирован словарь сообщения: {'action': 'message', 'time': 1644266375.325662, 'account_name': 'Guest', 'mess_text': 'fm'}
2022-02-07 23:39:35,325 DEBUG client2.py Была вызвана функция create_message c параметрами (<socket.socket fd=296, family=AddressFamily.AF_INET, type=SocketKind.SOCK_STREAM, proto=0, laddr=('127.0.0.1', 52720), raddr=('127.0.0.1', 7777)>,), {}. Вызов из модуля __main__. Вызов из функции main().Вызов из функции main
2022-02-07 23:39:35,575 INFO client.py Получено сообщение от пользователя Guest:
fm
2022-02-07 23:39:35,575 INFO client.py Получено сообщение от пользователя Guest:
fm
2022-02-07 23:39:35,575 DEBUG client.py Была вызвана функция message_from_server c параметрами ({'action': 'message', 'sender': 'Guest', 'time': 1644266375.5756032, 'mess_text': 'fm'},), {}. Вызов из модуля __main__. Вызов из функции main().Вызов из функции main
2022-02-07 23:39:35,575 DEBUG client.py Была вызвана функция message_from_server c параметрами ({'action': 'message', 'sender': 'Guest', 'time': 1644266375.5756032, 'mess_text': 'fm'},), {}. Вызов из модуля __main__. Вызов из функции main().Вызов из функции main
2022-02-07 23:42:54,994 DEBUG client2.py Была вызвана функция create_arg_parser c параметрами (), {}. Вызов из модуля __main__. Вызов из функции main().Вызов из функции main
2022-02-07 23:42:54,994 INFO client2.py Запущен клиент с парамертами: адрес сервера: 127.0.0.1, порт: 7777, режим работы: send
2022-02-07 23:42:54,994 DEBUG client2.py Сформировано presence сообщение для пользователя Guest2
2022-02-07 23:42:54,994 DEBUG client2.py Была вызвана функция create_presence c параметрами (), {}. Вызов из модуля __main__. Вызов из функции main().Вызов из функции main
2022-02-07 23:42:55,503 DEBUG client2.py Разбор приветственного сообщения от сервера: {'response': 400, 'error': 'Bad Request'}
2022-02-07 23:42:55,503 ERROR client2.py При установке соединения сервер вернул ошибку: 400 : Bad Request
2022-02-07 23:45:41,152 DEBUG client.py Сформирован словарь сообщения: {'action': 'message', 'time': 1644266741.1522722, 'account_name': 'Guest', 'mess_text': 'hi '}
2022-02-07 23:45:41,152 DEBUG client.py Была вызвана функция create_message c параметрами (<socket.socket fd=336, family=AddressFamily.AF_INET, type=SocketKind.SOCK_STREAM, proto=0, laddr=('127.0.0.1', 52717), raddr=('127.0.0.1', 7777)>,), {}. Вызов из модуля __main__. Вызов из функции main().Вызов из функции main
2022-02-07 23:45:41,370 INFO client.py Получено сообщение от пользователя Guest:
hi 
2022-02-07 23:45:41,370 INFO client.py Получено сообщение от пользователя Guest:
hi 
2022-02-07 23:45:41,370 DEBUG client.py Была вызвана функция message_from_server c параметрами ({'action': 'message', 'sender': 'Guest', 'time': 1644266741.3709652, 'mess_text': 'hi '},), {}. Вызов из модуля __main__. Вызов из функции main().Вызов из функции main
2022-02-07 23:45:41,370 DEBUG client.py Была вызвана функция message_from_server c параметрами ({'action': 'message', 'sender': 'Guest', 'time': 1644266741.3709652, 'mess_text': 'hi '},), {}. Вызов из модуля __main__. Вызов из функции main().Вызов из функции main
2022-02-07 23:46:30,671 DEBUG client.py Сформирован словарь сообщения: {'action': 'message', 'time': 1644266790.671652, 'account_name': 'Guest', 'mess_text': 'bye'}
2022-02-07 23:46:30,671 DEBUG client.py Была вызвана функция create_message c параметрами (<socket.socket fd=464, family=AddressFamily.AF_INET, type=SocketKind.SOCK_STREAM, proto=0, laddr=('127.0.0.1', 52716), raddr=('127.0.0.1', 7777)>,), {}. Вызов из модуля __main__. Вызов из функции main().Вызов из функции main
2022-02-07 23:46:31,015 INFO client.py Получено сообщение от пользователя Guest:
bye
2022-02-07 23:46:31,015 INFO client.py Получено сообщение от пользователя Guest:
bye
2022-02-07 23:46:31,015 DEBUG client.py Была вызвана функция message_from_server c параметрами ({'action': 'message', 'sender': 'Guest', 'time': 1644266791.01532, 'mess_text': 'bye'},), {}. Вызов из модуля __main__. Вызов из функции main().Вызов из функции main
2022-02-07 23:46:31,015 DEBUG client.py Была вызвана функция message_from_server c параметрами ({'action': 'message', 'sender': 'Guest', 'time': 1644266791.01532, 'mess_text': 'bye'},), {}. Вызов из модуля __main__. Вызов из функции main().Вызов из функции main
2022-02-07 23:48:16,110 DEBUG client.py Была вызвана функция create_arg_parser c параметрами (), {}. Вызов из модуля __main__. Вызов из функции main().Вызов из функции main
2022-02-07 23:48:16,110 INFO client.py Запущен клиент с парамертами: адрес сервера: 127.0.0.1, порт: 7777, режим работы: send
2022-02-07 23:48:16,141 DEBUG client.py Была вызвана функция create_arg_parser c параметрами (), {}. Вызов из модуля __main__. Вызов из функции main().Вызов из функции main
2022-02-07 23:48:16,141 INFO client.py Запущен клиент с парамертами: адрес сервера: 127.0.0.1, порт: 7777, режим работы: listen
2022-02-07 23:48:16,141 DEBUG client.py Была вызвана функция create_arg_parser c параметрами (), {}. Вызов из модуля __main__. Вызов из функции main().Вызов из функции main
2022-02-07 23:48:16,141 INFO client.py Запущен клиент с парамертами: адрес сервера: 127.0.0.1, порт: 7777, режим работы: listen
2022-02-07 23:48:16,141 DEBUG client.py Сформировано presence сообщение для пользователя Guest
2022-02-07 23:48:16,141 DEBUG client.py Сформировано presence сообщение для пользователя Guest
2022-02-07 23:48:16,157 DEBUG client.py Была вызвана функция create_presence c параметрами (), {}. Вызов из модуля __main__. Вызов из функции main().Вызов из функции main
2022-02-07 23:48:16,204 DEBUG client.py Была вызвана функция create_arg_parser c параметрами (), {}. Вызов из модуля __main__. Вызов из функции main().Вызов из функции main
2022-02-07 23:48:16,204 INFO client.py Запущен клиент с парамертами: адрес сервера: 127.0.0.1, порт: 7777, режим работы: send
2022-02-07 23:48:16,204 DEBUG client.py Сформировано presence сообщение для пользователя Guest
2022-02-07 23:48:16,204 DEBUG client.py Разбор приветственного сообщения от сервера: {'response': 200}
2022-02-07 23:48:16,204 DEBUG client.py Была вызвана функция create_presence c параметрами (), {}. Вызов из модуля __main__. Вызов из функции main().Вызов из функции main
2022-02-07 23:48:16,204 DEBUG client.py Была вызвана функция process_ans c параметрами ({'response': 200},), {}. Вызов из модуля __main__. Вызов из функции main().Вызов из функции main
2022-02-07 23:48:16,204 INFO client.py Принят ответ от сервера 200 : OK
2022-02-07 23:48:16,204 DEBUG client.py Разбор приветственного сообщения от сервера: {'response': 200}
2022-02-07 23:48:16,204 DEBUG client.py Была вызвана функция process_ans c параметрами ({'response': 200},), {}. Вызов из модуля __main__. Вызов из функции main().Вызов из функции main
2022-02-07 23:48:16,204 INFO client.py Принят ответ от сервера 200 : OK
2022-02-07 23:48:16,625 DEBUG client.py Сформировано presence сообщение для пользователя Guest
2022-02-07 23:48:16,625 DEBUG client.py Разбор приветственного сообщения от сервера: {'response': 200}
2022-02-07 23:48:16,625 DEBUG client.py Была вызвана функция create_presence c параметрами (), {}. Вызов из модуля __main__. Вызов из функции main().Вызов из функции main
2022-02-07 23:48:16,625 DEBUG client.py Была вызвана функция process_ans c параметрами ({'response': 200},), {}. Вызов из модуля __main__. Вызов из функции main().Вызов из функции main
2022-02-07 23:48:16,625 INFO client.py Принят ответ от сервера 200 : OK
2022-02-07 23:48:17,141 DEBUG client.py Разбор приветственного сообщения от сервера: {'response': 200}
2022-02-07 23:48:17,141 DEBUG client.py Была вызвана функция process_ans c параметрами ({'response': 200},), {}. Вызов из модуля __main__. Вызов из функции main().Вызов из функции main
2022-02-07 23:48:17,141 INFO client.py Принят ответ от сервера 200 : OK
2022-02-07 23:48:22,627 INFO client.py Завершение работы по команде пользователя.
